#
# There is insufficient memory for the Java Runtime Environment to continue.
# Native memory allocation (malloc) failed to allocate 1093776 bytes for Chunk::new
# Possible reasons:
#   The system is out of physical RAM or swap space
#   The process is running with CompressedOops enabled, and the Java Heap may be blocking the growth of the native heap
# Possible solutions:
#   Reduce memory load on the system
#   Increase physical memory or swap space
#   Check if swap backing store is full
#   Decrease Java heap size (-Xmx/-Xms)
#   Decrease number of Java threads
#   Decrease Java thread stack sizes (-Xss)
#   Set larger code cache with -XX:ReservedCodeCacheSize=
#   JVM is running with Unscaled Compressed Oops mode in which the Java heap is
#     placed in the first 4GB address space. The Java Heap base address is the
#     maximum limit for the native heap growth. Please use -XX:HeapBaseMinAddress
#     to set the Java Heap base and to place the Java Heap above 4GB virtual address.
# This output file may be truncated or incomplete.
#
#  Out of Memory Error (./src/hotspot/share/memory/arena.cpp:197), pid=26168, tid=22524
#
# JRE version: OpenJDK Runtime Environment Corretto-11.0.8.10.1 (11.0.8+10) (build 11.0.8+10-LTS)
# Java VM: OpenJDK 64-Bit Server VM Corretto-11.0.8.10.1 (11.0.8+10-LTS, mixed mode, tiered, compressed oops, g1 gc, windows-amd64)
# No core dump will be written. Minidumps are not enabled by default on client versions of Windows
#

---------------  S U M M A R Y ------------

Command Line: -XX:MaxMetaspaceSize=256m -XX:+HeapDumpOnOutOfMemoryError -agentlib:jdwp=transport=dt_socket,server=n,suspend=y,address=127.0.0.1:51621 --add-opens=java.base/java.util=ALL-UNNAMED --add-opens=java.base/java.lang=ALL-UNNAMED --add-opens=java.base/java.lang.invoke=ALL-UNNAMED --add-opens=java.prefs/java.util.prefs=ALL-UNNAMED -Xms256m -Xmx512m -Dfile.encoding=windows-1252 -Duser.country=US -Duser.language=en -Duser.variant org.gradle.launcher.daemon.bootstrap.GradleDaemon 6.3

Host: Intel(R) Core(TM) i7-8650U CPU @ 1.90GHz, 8 cores, 15G,  Windows 10 , 64 bit Build 17763 (10.0.17763.475)
Time: Fri Apr 16 15:52:20 2021 W. Europe Daylight Time elapsed time: 8 seconds (0d 0h 0m 8s)

---------------  T H R E A D  ---------------

Current thread (0x00000198e051d800):  JavaThread "C2 CompilerThread2" daemon [_thread_in_native, id=22524, stack(0x0000001f46d00000,0x0000001f46e00000)]


Current CompileTask:
C2:   8301 4310       4       groovy.lang.MetaClassImpl::addMetaMethodToIndex (65 bytes)

Stack: [0x0000001f46d00000,0x0000001f46e00000]
Native frames: (J=compiled Java code, j=interpreted, Vv=VM code, C=native code)
V  [jvm.dll+0x5dfc8a]
V  [jvm.dll+0x7179be]
V  [jvm.dll+0x71908f]
V  [jvm.dll+0x719753]
V  [jvm.dll+0x240e48]
V  [jvm.dll+0xb96ac]
V  [jvm.dll+0xb9dac]
V  [jvm.dll+0x346342]
V  [jvm.dll+0x193639]
V  [jvm.dll+0x1faa32]
V  [jvm.dll+0x1f9adf]
V  [jvm.dll+0x17e4ec]
V  [jvm.dll+0x208f27]
V  [jvm.dll+0x20710b]
V  [jvm.dll+0x6dc729]
V  [jvm.dll+0x6d57d4]
V  [jvm.dll+0x5debc6]
C  [ucrtbase.dll+0x2268a]
C  [KERNEL32.DLL+0x17974]
C  [ntdll.dll+0x5a2d1]


---------------  P R O C E S S  ---------------

Threads class SMR info:
_java_thread_list=0x00000198def04600, length=56, elements={
0x00000198bf1c6800, 0x00000198db0f3000, 0x00000198db0f5000, 0x00000198db155000,
0x00000198db156800, 0x00000198db158800, 0x00000198db15b800, 0x00000198db15d000,
0x00000198db2ed800, 0x00000198db316800, 0x00000198db324000, 0x00000198db33d000,
0x00000198db33e800, 0x00000198dd6d5800, 0x00000198dc831800, 0x00000198db69d000,
0x00000198dc0dd000, 0x00000198ddab7800, 0x00000198dda07000, 0x00000198ddc40800,
0x00000198dc11f000, 0x00000198ddd5c800, 0x00000198dd1be800, 0x00000198dd2e0000,
0x00000198dd5c8800, 0x00000198dd5cf000, 0x00000198dd5ce000, 0x00000198dd5c9000,
0x00000198dd5ca800, 0x00000198dd5ca000, 0x00000198dd5cb800, 0x00000198e051d800,
0x00000198dd5cc800, 0x00000198dd71a800, 0x00000198dd71f800, 0x00000198dd720000,
0x00000198dd721000, 0x00000198dd71b800, 0x00000198dd722000, 0x00000198dd71c000,
0x00000198dd722800, 0x00000198dd723800, 0x00000198dd724800, 0x00000198dd725000,
0x00000198dd726000, 0x00000198dd727000, 0x00000198e1d0a000, 0x00000198e1d0a800,
0x00000198e1d0b800, 0x00000198e1d09000, 0x00000198e1d0c000, 0x00000198e1d0d000,
0x00000198e1d0e000, 0x00000198e1d08000, 0x00000198e1d0e800, 0x00000198e1d14800
}

Java Threads: ( => current thread )
  0x00000198bf1c6800 JavaThread "main" [_thread_blocked, id=2044, stack(0x0000001f43f00000,0x0000001f44000000)]
  0x00000198db0f3000 JavaThread "Reference Handler" daemon [_thread_blocked, id=25516, stack(0x0000001f44600000,0x0000001f44700000)]
  0x00000198db0f5000 JavaThread "Finalizer" daemon [_thread_blocked, id=25896, stack(0x0000001f44700000,0x0000001f44800000)]
  0x00000198db155000 JavaThread "Signal Dispatcher" daemon [_thread_blocked, id=22264, stack(0x0000001f44800000,0x0000001f44900000)]
  0x00000198db156800 JavaThread "Attach Listener" daemon [_thread_blocked, id=20736, stack(0x0000001f44900000,0x0000001f44a00000)]
  0x00000198db158800 JavaThread "C2 CompilerThread0" daemon [_thread_in_native, id=23856, stack(0x0000001f44a00000,0x0000001f44b00000)]
  0x00000198db15b800 JavaThread "C1 CompilerThread0" daemon [_thread_blocked, id=26504, stack(0x0000001f44b00000,0x0000001f44c00000)]
  0x00000198db15d000 JavaThread "Sweeper thread" daemon [_thread_blocked, id=11400, stack(0x0000001f44c00000,0x0000001f44d00000)]
  0x00000198db2ed800 JavaThread "Common-Cleaner" daemon [_thread_blocked, id=22760, stack(0x0000001f44d00000,0x0000001f44e00000)]
  0x00000198db316800 JavaThread "JDWP Transport Listener: dt_socket" daemon [_thread_blocked, id=13420, stack(0x0000001f44e00000,0x0000001f44f00000)]
  0x00000198db324000 JavaThread "JDWP Event Helper Thread" daemon [_thread_blocked, id=20904, stack(0x0000001f44f00000,0x0000001f45000000)]
  0x00000198db33d000 JavaThread "JDWP Command Reader" daemon [_thread_in_native, id=16976, stack(0x0000001f45000000,0x0000001f45100000)]
  0x00000198db33e800 JavaThread "Service Thread" daemon [_thread_blocked, id=26596, stack(0x0000001f45100000,0x0000001f45200000)]
  0x00000198dd6d5800 JavaThread "Daemon health stats" [_thread_blocked, id=11328, stack(0x0000001f45a00000,0x0000001f45b00000)]
  0x00000198dc831800 JavaThread "Incoming local TCP Connector on port 51627" [_thread_in_native, id=21896, stack(0x0000001f45300000,0x0000001f45400000)]
  0x00000198db69d000 JavaThread "Daemon periodic checks" [_thread_blocked, id=4180, stack(0x0000001f45900000,0x0000001f45a00000)]
  0x00000198dc0dd000 JavaThread "C2 CompilerThread1" daemon [_thread_blocked, id=17120, stack(0x0000001f45b00000,0x0000001f45c00000)]
  0x00000198ddab7800 JavaThread "Daemon" [_thread_blocked, id=11424, stack(0x0000001f45c00000,0x0000001f45d00000)]
  0x00000198dda07000 JavaThread "Handler for socket connection from /127.0.0.1:51627 to /127.0.0.1:51628" [_thread_in_native, id=18520, stack(0x0000001f45d00000,0x0000001f45e00000)]
  0x00000198ddc40800 JavaThread "Cancel handler" [_thread_blocked, id=22788, stack(0x0000001f45e00000,0x0000001f45f00000)]
  0x00000198dc11f000 JavaThread "Daemon worker" [_thread_blocked, id=18152, stack(0x0000001f45f00000,0x0000001f46000000)]
  0x00000198ddd5c800 JavaThread "Asynchronous log dispatcher for DefaultDaemonConnection: socket connection from /127.0.0.1:51627 to /127.0.0.1:51628" [_thread_blocked, id=25864, stack(0x0000001f46000000,0x0000001f46100000)]
  0x00000198dd1be800 JavaThread "Stdin handler" [_thread_blocked, id=1740, stack(0x0000001f46100000,0x0000001f46200000)]
  0x00000198dd2e0000 JavaThread "Thread-8" [_thread_blocked, id=16696, stack(0x0000001f46200000,0x0000001f46300000)]
  0x00000198dd5c8800 JavaThread "Cache worker for journal cache (C:\Users\david.oberkalmsteine\.gradle\caches\journal-1)" [_thread_blocked, id=19060, stack(0x0000001f46300000,0x0000001f46400000)]
  0x00000198dd5cf000 JavaThread "File lock request listener" [_thread_in_native, id=20260, stack(0x0000001f46400000,0x0000001f46500000)]
  0x00000198dd5ce000 JavaThread "Cache worker for file hash cache (C:\Users\david.oberkalmsteine\.gradle\caches\6.3\fileHashes)" [_thread_blocked, id=12020, stack(0x0000001f46500000,0x0000001f46600000)]
  0x00000198dd5c9000 JavaThread "Cache worker for checksums cache (C:\Projekte\javaTradingbot\TradingBotGradle\.gradle\checksums)" [_thread_blocked, id=17356, stack(0x0000001f46900000,0x0000001f46a00000)]
  0x00000198dd5ca800 JavaThread "Cache worker for file hash cache (C:\Projekte\javaTradingbot\TradingBotGradle\.gradle\6.3\fileHashes)" [_thread_blocked, id=4212, stack(0x0000001f46a00000,0x0000001f46b00000)]
  0x00000198dd5ca000 JavaThread "Cache worker for cache directory md-supplier (C:\Users\david.oberkalmsteine\.gradle\caches\6.3\md-supplier)" [_thread_blocked, id=22084, stack(0x0000001f46b00000,0x0000001f46c00000)]
  0x00000198dd5cb800 JavaThread "Cache worker for cache directory md-rule (C:\Users\david.oberkalmsteine\.gradle\caches\6.3\md-rule)" [_thread_blocked, id=25264, stack(0x0000001f46c00000,0x0000001f46d00000)]
=>0x00000198e051d800 JavaThread "C2 CompilerThread2" daemon [_thread_in_native, id=22524, stack(0x0000001f46d00000,0x0000001f46e00000)]
  0x00000198dd5cc800 JavaThread "Cache worker for execution history cache (C:\Users\david.oberkalmsteine\.gradle\caches\6.3\executionHistory)" [_thread_blocked, id=13268, stack(0x0000001f46e00000,0x0000001f46f00000)]
  0x00000198dd71a800 JavaThread "Cache worker for Build Output Cleanup Cache (C:\Projekte\javaTradingbot\TradingBotGradle\.gradle\buildOutputCleanup)" [_thread_blocked, id=4616, stack(0x0000001f46f00000,0x0000001f47000000)]
  0x00000198dd71f800 JavaThread "Memory manager" [_thread_blocked, id=18832, stack(0x0000001f47000000,0x0000001f47100000)]
  0x00000198dd720000 JavaThread "Cache worker for file content cache (C:\Users\david.oberkalmsteine\.gradle\caches\6.3\fileContent)" [_thread_blocked, id=25668, stack(0x0000001f47100000,0x0000001f47200000)]
  0x00000198dd721000 JavaThread "Cache worker for file content cache (C:\Projekte\javaTradingbot\TradingBotGradle\.gradle\6.3\fileContent)" [_thread_blocked, id=25568, stack(0x0000001f47200000,0x0000001f47300000)]
  0x00000198dd71b800 JavaThread "Execution worker for ':'" [_thread_blocked, id=23104, stack(0x0000001f47300000,0x0000001f47400000)]
  0x00000198dd722000 JavaThread "Execution worker for ':' Thread 2" [_thread_blocked, id=12828, stack(0x0000001f47400000,0x0000001f47500000)]
  0x00000198dd71c000 JavaThread "Execution worker for ':' Thread 3" [_thread_blocked, id=9244, stack(0x0000001f47500000,0x0000001f47600000)]
  0x00000198dd722800 JavaThread "Execution worker for ':' Thread 4" [_thread_blocked, id=26120, stack(0x0000001f47600000,0x0000001f47700000)]
  0x00000198dd723800 JavaThread "Execution worker for ':' Thread 5" [_thread_blocked, id=22316, stack(0x0000001f47700000,0x0000001f47800000)]
  0x00000198dd724800 JavaThread "Execution worker for ':' Thread 6" [_thread_blocked, id=3560, stack(0x0000001f47800000,0x0000001f47900000)]
  0x00000198dd725000 JavaThread "Execution worker for ':' Thread 7" [_thread_blocked, id=20664, stack(0x0000001f47900000,0x0000001f47a00000)]
  0x00000198dd726000 JavaThread "Cache worker for execution history cache (C:\Projekte\javaTradingbot\TradingBotGradle\.gradle\6.3\executionHistory)" [_thread_blocked, id=25292, stack(0x0000001f47a00000,0x0000001f47b00000)]
  0x00000198dd727000 JavaThread "Build operations" [_thread_blocked, id=18648, stack(0x0000001f47b00000,0x0000001f47c00000)]
  0x00000198e1d0a000 JavaThread "Build operations Thread 2" [_thread_blocked, id=5764, stack(0x0000001f47c00000,0x0000001f47d00000)]
  0x00000198e1d0a800 JavaThread "Build operations Thread 3" [_thread_blocked, id=18740, stack(0x0000001f47d00000,0x0000001f47e00000)]
  0x00000198e1d0b800 JavaThread "Build operations Thread 4" [_thread_blocked, id=3652, stack(0x0000001f47e00000,0x0000001f47f00000)]
  0x00000198e1d09000 JavaThread "Build operations Thread 5" [_thread_blocked, id=23492, stack(0x0000001f47f00000,0x0000001f48000000)]
  0x00000198e1d0c000 JavaThread "Build operations Thread 6" [_thread_blocked, id=15280, stack(0x0000001f48000000,0x0000001f48100000)]
  0x00000198e1d0d000 JavaThread "Build operations Thread 7" [_thread_blocked, id=948, stack(0x0000001f48100000,0x0000001f48200000)]
  0x00000198e1d0e000 JavaThread "Build operations Thread 8" [_thread_blocked, id=11152, stack(0x0000001f48200000,0x0000001f48300000)]
  0x00000198e1d08000 JavaThread "Exec process" [_thread_in_native, id=26080, stack(0x0000001f48300000,0x0000001f48400000)]
  0x00000198e1d0e800 JavaThread "Exec process Thread 2" [_thread_in_native, id=8552, stack(0x0000001f48400000,0x0000001f48500000)]
  0x00000198e1d14800 JavaThread "Exec process Thread 3" [_thread_in_native, id=21048, stack(0x0000001f48500000,0x0000001f48600000)]

Other Threads:
  0x00000198db0f0000 VMThread "VM Thread" [stack: 0x0000001f44500000,0x0000001f44600000] [id=22404]
  0x00000198db34e000 WatcherThread [stack: 0x0000001f45200000,0x0000001f45300000] [id=19752]
  0x00000198bf1dd800 GCTaskThread "GC Thread#0" [stack: 0x0000001f44000000,0x0000001f44100000] [id=22384]
  0x00000198dbe90000 GCTaskThread "GC Thread#1" [stack: 0x0000001f45400000,0x0000001f45500000] [id=21812]
  0x00000198dbd2b000 GCTaskThread "GC Thread#2" [stack: 0x0000001f45500000,0x0000001f45600000] [id=6324]
  0x00000198dbd0d000 GCTaskThread "GC Thread#3" [stack: 0x0000001f45600000,0x0000001f45700000] [id=16896]
  0x00000198dc363800 GCTaskThread "GC Thread#4" [stack: 0x0000001f45700000,0x0000001f45800000] [id=24464]
  0x00000198dc364000 GCTaskThread "GC Thread#5" [stack: 0x0000001f45800000,0x0000001f45900000] [id=24504]
  0x00000198dd513800 GCTaskThread "GC Thread#6" [stack: 0x0000001f46600000,0x0000001f46700000] [id=14340]
  0x00000198dd50d800 GCTaskThread "GC Thread#7" [stack: 0x0000001f46700000,0x0000001f46800000] [id=7856]
  0x00000198bf1ed800 ConcurrentGCThread "G1 Main Marker" [stack: 0x0000001f44100000,0x0000001f44200000] [id=20824]
  0x00000198bf1ef000 ConcurrentGCThread "G1 Conc#0" [stack: 0x0000001f44200000,0x0000001f44300000] [id=18812]
  0x00000198de6b6800 ConcurrentGCThread "G1 Conc#1" [stack: 0x0000001f46800000,0x0000001f46900000] [id=3844]
  0x00000198da76b800 ConcurrentGCThread "G1 Refine#0" [stack: 0x0000001f44300000,0x0000001f44400000] [id=16276]
  0x00000198da76c800 ConcurrentGCThread "G1 Young RemSet Sampling" [stack: 0x0000001f44400000,0x0000001f44500000] [id=24288]

Threads with active compile tasks:
C2 CompilerThread0   8347 3827 %     4       groovy.lang.MetaClassImpl::inheritInterfaceNewMetaMethods @ 104 (199 bytes)
C2 CompilerThread2   8347 4310       4       groovy.lang.MetaClassImpl::addMetaMethodToIndex (65 bytes)

VM state:not at safepoint (normal execution)

VM Mutex/Monitor currently owned by a thread: None

Heap address: 0x00000000e0000000, size: 512 MB, Compressed Oops mode: 32-bit
Narrow klass base: 0x0000000000000000, Narrow klass shift: 3
Compressed class space size: 260046848 Address: 0x0000000100000000

Heap:
 garbage-first heap   total 262144K, used 99325K [0x00000000e0000000, 0x0000000100000000)
  region size 1024K, 83 young (84992K), 10 survivors (10240K)
 Metaspace       used 49293K, capacity 50617K, committed 50896K, reserved 299008K
  class space    used 6490K, capacity 6982K, committed 7040K, reserved 253952K
Heap Regions: E=young(eden), S=young(survivor), O=old, HS=humongous(starts), HC=humongous(continues), CS=collection set, F=free, A=archive, TAMS=top-at-mark-start (previous, next)
|   0|0x00000000e0000000, 0x00000000e0100000, 0x00000000e0100000|100%| O|  |TAMS 0x00000000e0100000, 0x00000000e0000000| Untracked 
|   1|0x00000000e0100000, 0x00000000e0200000, 0x00000000e0200000|100%| O|  |TAMS 0x00000000e0200000, 0x00000000e0100000| Untracked 
|   2|0x00000000e0200000, 0x00000000e0300000, 0x00000000e0300000|100%| O|  |TAMS 0x00000000e0300000, 0x00000000e0200000| Untracked 
|   3|0x00000000e0300000, 0x00000000e0400000, 0x00000000e0400000|100%|HS|  |TAMS 0x00000000e0400000, 0x00000000e0300000| Complete 
|   4|0x00000000e0400000, 0x00000000e0500000, 0x00000000e0500000|100%|HC|  |TAMS 0x00000000e0500000, 0x00000000e0400000| Complete 
|   5|0x00000000e0500000, 0x00000000e0600000, 0x00000000e0600000|100%|HC|  |TAMS 0x00000000e0600000, 0x00000000e0500000| Complete 
|   6|0x00000000e0600000, 0x00000000e0700000, 0x00000000e0700000|100%| O|  |TAMS 0x00000000e0700000, 0x00000000e0600000| Untracked 
|   7|0x00000000e0700000, 0x00000000e0800000, 0x00000000e0800000|100%| O|  |TAMS 0x00000000e0800000, 0x00000000e0700000| Untracked 
|   8|0x00000000e0800000, 0x00000000e0900000, 0x00000000e0900000|100%| O|  |TAMS 0x00000000e0900000, 0x00000000e0800000| Untracked 
|   9|0x00000000e0900000, 0x00000000e0a00000, 0x00000000e0a00000|100%| O|  |TAMS 0x00000000e0a00000, 0x00000000e0900000| Untracked 
|  10|0x00000000e0a00000, 0x00000000e0b00000, 0x00000000e0b00000|100%| O|  |TAMS 0x00000000e0b00000, 0x00000000e0a00000| Untracked 
|  11|0x00000000e0b00000, 0x00000000e0c00000, 0x00000000e0c00000|100%| O|  |TAMS 0x00000000e0c00000, 0x00000000e0b00000| Untracked 
|  12|0x00000000e0c00000, 0x00000000e0d00000, 0x00000000e0d00000|100%| O|  |TAMS 0x00000000e0d00000, 0x00000000e0c00000| Untracked 
|  13|0x00000000e0d00000, 0x00000000e0e00000, 0x00000000e0e00000|100%| O|  |TAMS 0x00000000e0e00000, 0x00000000e0d00000| Untracked 
|  14|0x00000000e0e00000, 0x00000000e0eff400, 0x00000000e0f00000| 99%| O|  |TAMS 0x00000000e0eff400, 0x00000000e0e00000| Untracked 
|  15|0x00000000e0f00000, 0x00000000e0f00000, 0x00000000e1000000|  0%| F|  |TAMS 0x00000000e0f00000, 0x00000000e0f00000| Untracked 
|  16|0x00000000e1000000, 0x00000000e1000000, 0x00000000e1100000|  0%| F|  |TAMS 0x00000000e1000000, 0x00000000e1000000| Untracked 
|  17|0x00000000e1100000, 0x00000000e1100000, 0x00000000e1200000|  0%| F|  |TAMS 0x00000000e1100000, 0x00000000e1100000| Untracked 
|  18|0x00000000e1200000, 0x00000000e1200000, 0x00000000e1300000|  0%| F|  |TAMS 0x00000000e1200000, 0x00000000e1200000| Untracked 
|  19|0x00000000e1300000, 0x00000000e1300000, 0x00000000e1400000|  0%| F|  |TAMS 0x00000000e1300000, 0x00000000e1300000| Untracked 
|  20|0x00000000e1400000, 0x00000000e1400000, 0x00000000e1500000|  0%| F|  |TAMS 0x00000000e1400000, 0x00000000e1400000| Untracked 
|  21|0x00000000e1500000, 0x00000000e1500000, 0x00000000e1600000|  0%| F|  |TAMS 0x00000000e1500000, 0x00000000e1500000| Untracked 
|  22|0x00000000e1600000, 0x00000000e1600000, 0x00000000e1700000|  0%| F|  |TAMS 0x00000000e1600000, 0x00000000e1600000| Untracked 
|  23|0x00000000e1700000, 0x00000000e1700000, 0x00000000e1800000|  0%| F|  |TAMS 0x00000000e1700000, 0x00000000e1700000| Untracked 
|  24|0x00000000e1800000, 0x00000000e1800000, 0x00000000e1900000|  0%| F|  |TAMS 0x00000000e1800000, 0x00000000e1800000| Untracked 
|  25|0x00000000e1900000, 0x00000000e1900000, 0x00000000e1a00000|  0%| F|  |TAMS 0x00000000e1900000, 0x00000000e1900000| Untracked 
|  26|0x00000000e1a00000, 0x00000000e1a00000, 0x00000000e1b00000|  0%| F|  |TAMS 0x00000000e1a00000, 0x00000000e1a00000| Untracked 
|  27|0x00000000e1b00000, 0x00000000e1b00000, 0x00000000e1c00000|  0%| F|  |TAMS 0x00000000e1b00000, 0x00000000e1b00000| Untracked 
|  28|0x00000000e1c00000, 0x00000000e1c00000, 0x00000000e1d00000|  0%| F|  |TAMS 0x00000000e1c00000, 0x00000000e1c00000| Untracked 
|  29|0x00000000e1d00000, 0x00000000e1d00000, 0x00000000e1e00000|  0%| F|  |TAMS 0x00000000e1d00000, 0x00000000e1d00000| Untracked 
|  30|0x00000000e1e00000, 0x00000000e1e00000, 0x00000000e1f00000|  0%| F|  |TAMS 0x00000000e1e00000, 0x00000000e1e00000| Untracked 
|  31|0x00000000e1f00000, 0x00000000e1f00000, 0x00000000e2000000|  0%| F|  |TAMS 0x00000000e1f00000, 0x00000000e1f00000| Untracked 
|  32|0x00000000e2000000, 0x00000000e2000000, 0x00000000e2100000|  0%| F|  |TAMS 0x00000000e2000000, 0x00000000e2000000| Untracked 
|  33|0x00000000e2100000, 0x00000000e2100000, 0x00000000e2200000|  0%| F|  |TAMS 0x00000000e2100000, 0x00000000e2100000| Untracked 
|  34|0x00000000e2200000, 0x00000000e2200000, 0x00000000e2300000|  0%| F|  |TAMS 0x00000000e2200000, 0x00000000e2200000| Untracked 
|  35|0x00000000e2300000, 0x00000000e2300000, 0x00000000e2400000|  0%| F|  |TAMS 0x00000000e2300000, 0x00000000e2300000| Untracked 
|  36|0x00000000e2400000, 0x00000000e2400000, 0x00000000e2500000|  0%| F|  |TAMS 0x00000000e2400000, 0x00000000e2400000| Untracked 
|  37|0x00000000e2500000, 0x00000000e2500000, 0x00000000e2600000|  0%| F|  |TAMS 0x00000000e2500000, 0x00000000e2500000| Untracked 
|  38|0x00000000e2600000, 0x00000000e2600000, 0x00000000e2700000|  0%| F|  |TAMS 0x00000000e2600000, 0x00000000e2600000| Untracked 
|  39|0x00000000e2700000, 0x00000000e2700000, 0x00000000e2800000|  0%| F|  |TAMS 0x00000000e2700000, 0x00000000e2700000| Untracked 
|  40|0x00000000e2800000, 0x00000000e2800000, 0x00000000e2900000|  0%| F|  |TAMS 0x00000000e2800000, 0x00000000e2800000| Untracked 
|  41|0x00000000e2900000, 0x00000000e2900000, 0x00000000e2a00000|  0%| F|  |TAMS 0x00000000e2900000, 0x00000000e2900000| Untracked 
|  42|0x00000000e2a00000, 0x00000000e2a00000, 0x00000000e2b00000|  0%| F|  |TAMS 0x00000000e2a00000, 0x00000000e2a00000| Untracked 
|  43|0x00000000e2b00000, 0x00000000e2b00000, 0x00000000e2c00000|  0%| F|  |TAMS 0x00000000e2b00000, 0x00000000e2b00000| Untracked 
|  44|0x00000000e2c00000, 0x00000000e2c00000, 0x00000000e2d00000|  0%| F|  |TAMS 0x00000000e2c00000, 0x00000000e2c00000| Untracked 
|  45|0x00000000e2d00000, 0x00000000e2d00000, 0x00000000e2e00000|  0%| F|  |TAMS 0x00000000e2d00000, 0x00000000e2d00000| Untracked 
|  46|0x00000000e2e00000, 0x00000000e2e00000, 0x00000000e2f00000|  0%| F|  |TAMS 0x00000000e2e00000, 0x00000000e2e00000| Untracked 
|  47|0x00000000e2f00000, 0x00000000e2f00000, 0x00000000e3000000|  0%| F|  |TAMS 0x00000000e2f00000, 0x00000000e2f00000| Untracked 
|  48|0x00000000e3000000, 0x00000000e3000000, 0x00000000e3100000|  0%| F|  |TAMS 0x00000000e3000000, 0x00000000e3000000| Untracked 
|  49|0x00000000e3100000, 0x00000000e3100000, 0x00000000e3200000|  0%| F|  |TAMS 0x00000000e3100000, 0x00000000e3100000| Untracked 
|  50|0x00000000e3200000, 0x00000000e3200000, 0x00000000e3300000|  0%| F|  |TAMS 0x00000000e3200000, 0x00000000e3200000| Untracked 
|  51|0x00000000e3300000, 0x00000000e3300000, 0x00000000e3400000|  0%| F|  |TAMS 0x00000000e3300000, 0x00000000e3300000| Untracked 
|  52|0x00000000e3400000, 0x00000000e3400000, 0x00000000e3500000|  0%| F|  |TAMS 0x00000000e3400000, 0x00000000e3400000| Untracked 
|  53|0x00000000e3500000, 0x00000000e3500000, 0x00000000e3600000|  0%| F|  |TAMS 0x00000000e3500000, 0x00000000e3500000| Untracked 
|  54|0x00000000e3600000, 0x00000000e3600000, 0x00000000e3700000|  0%| F|  |TAMS 0x00000000e3600000, 0x00000000e3600000| Untracked 
|  55|0x00000000e3700000, 0x00000000e3700000, 0x00000000e3800000|  0%| F|  |TAMS 0x00000000e3700000, 0x00000000e3700000| Untracked 
|  56|0x00000000e3800000, 0x00000000e3800000, 0x00000000e3900000|  0%| F|  |TAMS 0x00000000e3800000, 0x00000000e3800000| Untracked 
|  57|0x00000000e3900000, 0x00000000e3900000, 0x00000000e3a00000|  0%| F|  |TAMS 0x00000000e3900000, 0x00000000e3900000| Untracked 
|  58|0x00000000e3a00000, 0x00000000e3a00000, 0x00000000e3b00000|  0%| F|  |TAMS 0x00000000e3a00000, 0x00000000e3a00000| Untracked 
|  59|0x00000000e3b00000, 0x00000000e3b00000, 0x00000000e3c00000|  0%| F|  |TAMS 0x00000000e3b00000, 0x00000000e3b00000| Untracked 
|  60|0x00000000e3c00000, 0x00000000e3c00000, 0x00000000e3d00000|  0%| F|  |TAMS 0x00000000e3c00000, 0x00000000e3c00000| Untracked 
|  61|0x00000000e3d00000, 0x00000000e3d00000, 0x00000000e3e00000|  0%| F|  |TAMS 0x00000000e3d00000, 0x00000000e3d00000| Untracked 
|  62|0x00000000e3e00000, 0x00000000e3e00000, 0x00000000e3f00000|  0%| F|  |TAMS 0x00000000e3e00000, 0x00000000e3e00000| Untracked 
|  63|0x00000000e3f00000, 0x00000000e3f00000, 0x00000000e4000000|  0%| F|  |TAMS 0x00000000e3f00000, 0x00000000e3f00000| Untracked 
|  64|0x00000000e4000000, 0x00000000e4000000, 0x00000000e4100000|  0%| F|  |TAMS 0x00000000e4000000, 0x00000000e4000000| Untracked 
|  65|0x00000000e4100000, 0x00000000e4100000, 0x00000000e4200000|  0%| F|  |TAMS 0x00000000e4100000, 0x00000000e4100000| Untracked 
|  66|0x00000000e4200000, 0x00000000e4200000, 0x00000000e4300000|  0%| F|  |TAMS 0x00000000e4200000, 0x00000000e4200000| Untracked 
|  67|0x00000000e4300000, 0x00000000e4300000, 0x00000000e4400000|  0%| F|  |TAMS 0x00000000e4300000, 0x00000000e4300000| Untracked 
|  68|0x00000000e4400000, 0x00000000e4400000, 0x00000000e4500000|  0%| F|  |TAMS 0x00000000e4400000, 0x00000000e4400000| Untracked 
|  69|0x00000000e4500000, 0x00000000e4500000, 0x00000000e4600000|  0%| F|  |TAMS 0x00000000e4500000, 0x00000000e4500000| Untracked 
|  70|0x00000000e4600000, 0x00000000e4600000, 0x00000000e4700000|  0%| F|  |TAMS 0x00000000e4600000, 0x00000000e4600000| Untracked 
|  71|0x00000000e4700000, 0x00000000e4700000, 0x00000000e4800000|  0%| F|  |TAMS 0x00000000e4700000, 0x00000000e4700000| Untracked 
|  72|0x00000000e4800000, 0x00000000e4800000, 0x00000000e4900000|  0%| F|  |TAMS 0x00000000e4800000, 0x00000000e4800000| Untracked 
|  73|0x00000000e4900000, 0x00000000e4900000, 0x00000000e4a00000|  0%| F|  |TAMS 0x00000000e4900000, 0x00000000e4900000| Untracked 
|  74|0x00000000e4a00000, 0x00000000e4a00000, 0x00000000e4b00000|  0%| F|  |TAMS 0x00000000e4a00000, 0x00000000e4a00000| Untracked 
|  75|0x00000000e4b00000, 0x00000000e4b00000, 0x00000000e4c00000|  0%| F|  |TAMS 0x00000000e4b00000, 0x00000000e4b00000| Untracked 
|  76|0x00000000e4c00000, 0x00000000e4c00000, 0x00000000e4d00000|  0%| F|  |TAMS 0x00000000e4c00000, 0x00000000e4c00000| Untracked 
|  77|0x00000000e4d00000, 0x00000000e4d00000, 0x00000000e4e00000|  0%| F|  |TAMS 0x00000000e4d00000, 0x00000000e4d00000| Untracked 
|  78|0x00000000e4e00000, 0x00000000e4e00000, 0x00000000e4f00000|  0%| F|  |TAMS 0x00000000e4e00000, 0x00000000e4e00000| Untracked 
|  79|0x00000000e4f00000, 0x00000000e4f00000, 0x00000000e5000000|  0%| F|  |TAMS 0x00000000e4f00000, 0x00000000e4f00000| Untracked 
|  80|0x00000000e5000000, 0x00000000e5000000, 0x00000000e5100000|  0%| F|  |TAMS 0x00000000e5000000, 0x00000000e5000000| Untracked 
|  81|0x00000000e5100000, 0x00000000e5100000, 0x00000000e5200000|  0%| F|  |TAMS 0x00000000e5100000, 0x00000000e5100000| Untracked 
|  82|0x00000000e5200000, 0x00000000e5200000, 0x00000000e5300000|  0%| F|  |TAMS 0x00000000e5200000, 0x00000000e5200000| Untracked 
|  83|0x00000000e5300000, 0x00000000e5300000, 0x00000000e5400000|  0%| F|  |TAMS 0x00000000e5300000, 0x00000000e5300000| Untracked 
|  84|0x00000000e5400000, 0x00000000e5400000, 0x00000000e5500000|  0%| F|  |TAMS 0x00000000e5400000, 0x00000000e5400000| Untracked 
|  85|0x00000000e5500000, 0x00000000e5500000, 0x00000000e5600000|  0%| F|  |TAMS 0x00000000e5500000, 0x00000000e5500000| Untracked 
|  86|0x00000000e5600000, 0x00000000e5600000, 0x00000000e5700000|  0%| F|  |TAMS 0x00000000e5600000, 0x00000000e5600000| Untracked 
|  87|0x00000000e5700000, 0x00000000e5700000, 0x00000000e5800000|  0%| F|  |TAMS 0x00000000e5700000, 0x00000000e5700000| Untracked 
|  88|0x00000000e5800000, 0x00000000e5800000, 0x00000000e5900000|  0%| F|  |TAMS 0x00000000e5800000, 0x00000000e5800000| Untracked 
|  89|0x00000000e5900000, 0x00000000e5900000, 0x00000000e5a00000|  0%| F|  |TAMS 0x00000000e5900000, 0x00000000e5900000| Untracked 
|  90|0x00000000e5a00000, 0x00000000e5a00000, 0x00000000e5b00000|  0%| F|  |TAMS 0x00000000e5a00000, 0x00000000e5a00000| Untracked 
|  91|0x00000000e5b00000, 0x00000000e5b00000, 0x00000000e5c00000|  0%| F|  |TAMS 0x00000000e5b00000, 0x00000000e5b00000| Untracked 
|  92|0x00000000e5c00000, 0x00000000e5c00000, 0x00000000e5d00000|  0%| F|  |TAMS 0x00000000e5c00000, 0x00000000e5c00000| Untracked 
|  93|0x00000000e5d00000, 0x00000000e5d00000, 0x00000000e5e00000|  0%| F|  |TAMS 0x00000000e5d00000, 0x00000000e5d00000| Untracked 
|  94|0x00000000e5e00000, 0x00000000e5e00000, 0x00000000e5f00000|  0%| F|  |TAMS 0x00000000e5e00000, 0x00000000e5e00000| Untracked 
|  95|0x00000000e5f00000, 0x00000000e5f00000, 0x00000000e6000000|  0%| F|  |TAMS 0x00000000e5f00000, 0x00000000e5f00000| Untracked 
|  96|0x00000000e6000000, 0x00000000e6000000, 0x00000000e6100000|  0%| F|  |TAMS 0x00000000e6000000, 0x00000000e6000000| Untracked 
|  97|0x00000000e6100000, 0x00000000e6100000, 0x00000000e6200000|  0%| F|  |TAMS 0x00000000e6100000, 0x00000000e6100000| Untracked 
|  98|0x00000000e6200000, 0x00000000e6200000, 0x00000000e6300000|  0%| F|  |TAMS 0x00000000e6200000, 0x00000000e6200000| Untracked 
|  99|0x00000000e6300000, 0x00000000e6300000, 0x00000000e6400000|  0%| F|  |TAMS 0x00000000e6300000, 0x00000000e6300000| Untracked 
| 100|0x00000000e6400000, 0x00000000e6400000, 0x00000000e6500000|  0%| F|  |TAMS 0x00000000e6400000, 0x00000000e6400000| Untracked 
| 101|0x00000000e6500000, 0x00000000e6500000, 0x00000000e6600000|  0%| F|  |TAMS 0x00000000e6500000, 0x00000000e6500000| Untracked 
| 102|0x00000000e6600000, 0x00000000e6600000, 0x00000000e6700000|  0%| F|  |TAMS 0x00000000e6600000, 0x00000000e6600000| Untracked 
| 103|0x00000000e6700000, 0x00000000e6700000, 0x00000000e6800000|  0%| F|  |TAMS 0x00000000e6700000, 0x00000000e6700000| Untracked 
| 104|0x00000000e6800000, 0x00000000e6800000, 0x00000000e6900000|  0%| F|  |TAMS 0x00000000e6800000, 0x00000000e6800000| Untracked 
| 105|0x00000000e6900000, 0x00000000e6900000, 0x00000000e6a00000|  0%| F|  |TAMS 0x00000000e6900000, 0x00000000e6900000| Untracked 
| 106|0x00000000e6a00000, 0x00000000e6a00000, 0x00000000e6b00000|  0%| F|  |TAMS 0x00000000e6a00000, 0x00000000e6a00000| Untracked 
| 107|0x00000000e6b00000, 0x00000000e6b00000, 0x00000000e6c00000|  0%| F|  |TAMS 0x00000000e6b00000, 0x00000000e6b00000| Untracked 
| 108|0x00000000e6c00000, 0x00000000e6c00000, 0x00000000e6d00000|  0%| F|  |TAMS 0x00000000e6c00000, 0x00000000e6c00000| Untracked 
| 109|0x00000000e6d00000, 0x00000000e6d00000, 0x00000000e6e00000|  0%| F|  |TAMS 0x00000000e6d00000, 0x00000000e6d00000| Untracked 
| 110|0x00000000e6e00000, 0x00000000e6e00000, 0x00000000e6f00000|  0%| F|  |TAMS 0x00000000e6e00000, 0x00000000e6e00000| Untracked 
| 111|0x00000000e6f00000, 0x00000000e6f00000, 0x00000000e7000000|  0%| F|  |TAMS 0x00000000e6f00000, 0x00000000e6f00000| Untracked 
| 112|0x00000000e7000000, 0x00000000e7000000, 0x00000000e7100000|  0%| F|  |TAMS 0x00000000e7000000, 0x00000000e7000000| Untracked 
| 113|0x00000000e7100000, 0x00000000e7100000, 0x00000000e7200000|  0%| F|  |TAMS 0x00000000e7100000, 0x00000000e7100000| Untracked 
| 114|0x00000000e7200000, 0x00000000e7200000, 0x00000000e7300000|  0%| F|  |TAMS 0x00000000e7200000, 0x00000000e7200000| Untracked 
| 115|0x00000000e7300000, 0x00000000e7300000, 0x00000000e7400000|  0%| F|  |TAMS 0x00000000e7300000, 0x00000000e7300000| Untracked 
| 116|0x00000000e7400000, 0x00000000e7400000, 0x00000000e7500000|  0%| F|  |TAMS 0x00000000e7400000, 0x00000000e7400000| Untracked 
| 117|0x00000000e7500000, 0x00000000e7500000, 0x00000000e7600000|  0%| F|  |TAMS 0x00000000e7500000, 0x00000000e7500000| Untracked 
| 118|0x00000000e7600000, 0x00000000e7600000, 0x00000000e7700000|  0%| F|  |TAMS 0x00000000e7600000, 0x00000000e7600000| Untracked 
| 119|0x00000000e7700000, 0x00000000e7700000, 0x00000000e7800000|  0%| F|  |TAMS 0x00000000e7700000, 0x00000000e7700000| Untracked 
| 120|0x00000000e7800000, 0x00000000e7800000, 0x00000000e7900000|  0%| F|  |TAMS 0x00000000e7800000, 0x00000000e7800000| Untracked 
| 121|0x00000000e7900000, 0x00000000e7900000, 0x00000000e7a00000|  0%| F|  |TAMS 0x00000000e7900000, 0x00000000e7900000| Untracked 
| 122|0x00000000e7a00000, 0x00000000e7a00000, 0x00000000e7b00000|  0%| F|  |TAMS 0x00000000e7a00000, 0x00000000e7a00000| Untracked 
| 123|0x00000000e7b00000, 0x00000000e7b00000, 0x00000000e7c00000|  0%| F|  |TAMS 0x00000000e7b00000, 0x00000000e7b00000| Untracked 
| 124|0x00000000e7c00000, 0x00000000e7c00000, 0x00000000e7d00000|  0%| F|  |TAMS 0x00000000e7c00000, 0x00000000e7c00000| Untracked 
| 125|0x00000000e7d00000, 0x00000000e7d00000, 0x00000000e7e00000|  0%| F|  |TAMS 0x00000000e7d00000, 0x00000000e7d00000| Untracked 
| 126|0x00000000e7e00000, 0x00000000e7e00000, 0x00000000e7f00000|  0%| F|  |TAMS 0x00000000e7e00000, 0x00000000e7e00000| Untracked 
| 127|0x00000000e7f00000, 0x00000000e7f00000, 0x00000000e8000000|  0%| F|  |TAMS 0x00000000e7f00000, 0x00000000e7f00000| Untracked 
| 128|0x00000000e8000000, 0x00000000e8000000, 0x00000000e8100000|  0%| F|  |TAMS 0x00000000e8000000, 0x00000000e8000000| Untracked 
| 129|0x00000000e8100000, 0x00000000e8100000, 0x00000000e8200000|  0%| F|  |TAMS 0x00000000e8100000, 0x00000000e8100000| Untracked 
| 130|0x00000000e8200000, 0x00000000e8200000, 0x00000000e8300000|  0%| F|  |TAMS 0x00000000e8200000, 0x00000000e8200000| Untracked 
| 131|0x00000000e8300000, 0x00000000e8300000, 0x00000000e8400000|  0%| F|  |TAMS 0x00000000e8300000, 0x00000000e8300000| Untracked 
| 132|0x00000000e8400000, 0x00000000e8400000, 0x00000000e8500000|  0%| F|  |TAMS 0x00000000e8400000, 0x00000000e8400000| Untracked 
| 133|0x00000000e8500000, 0x00000000e8500000, 0x00000000e8600000|  0%| F|  |TAMS 0x00000000e8500000, 0x00000000e8500000| Untracked 
| 134|0x00000000e8600000, 0x00000000e8600000, 0x00000000e8700000|  0%| F|  |TAMS 0x00000000e8600000, 0x00000000e8600000| Untracked 
| 135|0x00000000e8700000, 0x00000000e8700000, 0x00000000e8800000|  0%| F|  |TAMS 0x00000000e8700000, 0x00000000e8700000| Untracked 
| 136|0x00000000e8800000, 0x00000000e8800000, 0x00000000e8900000|  0%| F|  |TAMS 0x00000000e8800000, 0x00000000e8800000| Untracked 
| 137|0x00000000e8900000, 0x00000000e8900000, 0x00000000e8a00000|  0%| F|  |TAMS 0x00000000e8900000, 0x00000000e8900000| Untracked 
| 138|0x00000000e8a00000, 0x00000000e8a00000, 0x00000000e8b00000|  0%| F|  |TAMS 0x00000000e8a00000, 0x00000000e8a00000| Untracked 
| 139|0x00000000e8b00000, 0x00000000e8b00000, 0x00000000e8c00000|  0%| F|  |TAMS 0x00000000e8b00000, 0x00000000e8b00000| Untracked 
| 140|0x00000000e8c00000, 0x00000000e8c00000, 0x00000000e8d00000|  0%| F|  |TAMS 0x00000000e8c00000, 0x00000000e8c00000| Untracked 
| 141|0x00000000e8d00000, 0x00000000e8d00000, 0x00000000e8e00000|  0%| F|  |TAMS 0x00000000e8d00000, 0x00000000e8d00000| Untracked 
| 142|0x00000000e8e00000, 0x00000000e8e00000, 0x00000000e8f00000|  0%| F|  |TAMS 0x00000000e8e00000, 0x00000000e8e00000| Untracked 
| 143|0x00000000e8f00000, 0x00000000e8f00000, 0x00000000e9000000|  0%| F|  |TAMS 0x00000000e8f00000, 0x00000000e8f00000| Untracked 
| 144|0x00000000e9000000, 0x00000000e9000000, 0x00000000e9100000|  0%| F|  |TAMS 0x00000000e9000000, 0x00000000e9000000| Untracked 
| 145|0x00000000e9100000, 0x00000000e9100000, 0x00000000e9200000|  0%| F|  |TAMS 0x00000000e9100000, 0x00000000e9100000| Untracked 
| 146|0x00000000e9200000, 0x00000000e9200000, 0x00000000e9300000|  0%| F|  |TAMS 0x00000000e9200000, 0x00000000e9200000| Untracked 
| 147|0x00000000e9300000, 0x00000000e9300000, 0x00000000e9400000|  0%| F|  |TAMS 0x00000000e9300000, 0x00000000e9300000| Untracked 
| 148|0x00000000e9400000, 0x00000000e9400000, 0x00000000e9500000|  0%| F|  |TAMS 0x00000000e9400000, 0x00000000e9400000| Untracked 
| 149|0x00000000e9500000, 0x00000000e9500000, 0x00000000e9600000|  0%| F|  |TAMS 0x00000000e9500000, 0x00000000e9500000| Untracked 
| 150|0x00000000e9600000, 0x00000000e9600000, 0x00000000e9700000|  0%| F|  |TAMS 0x00000000e9600000, 0x00000000e9600000| Untracked 
| 151|0x00000000e9700000, 0x00000000e9700000, 0x00000000e9800000|  0%| F|  |TAMS 0x00000000e9700000, 0x00000000e9700000| Untracked 
| 152|0x00000000e9800000, 0x00000000e9800000, 0x00000000e9900000|  0%| F|  |TAMS 0x00000000e9800000, 0x00000000e9800000| Untracked 
| 153|0x00000000e9900000, 0x00000000e9900000, 0x00000000e9a00000|  0%| F|  |TAMS 0x00000000e9900000, 0x00000000e9900000| Untracked 
| 154|0x00000000e9a00000, 0x00000000e9a00000, 0x00000000e9b00000|  0%| F|  |TAMS 0x00000000e9a00000, 0x00000000e9a00000| Untracked 
| 155|0x00000000e9b00000, 0x00000000e9b00000, 0x00000000e9c00000|  0%| F|  |TAMS 0x00000000e9b00000, 0x00000000e9b00000| Untracked 
| 156|0x00000000e9c00000, 0x00000000e9c00000, 0x00000000e9d00000|  0%| F|  |TAMS 0x00000000e9c00000, 0x00000000e9c00000| Untracked 
| 157|0x00000000e9d00000, 0x00000000e9e00000, 0x00000000e9e00000|100%| S|CS|TAMS 0x00000000e9d00000, 0x00000000e9d00000| Complete 
| 158|0x00000000e9e00000, 0x00000000e9f00000, 0x00000000e9f00000|100%| S|CS|TAMS 0x00000000e9e00000, 0x00000000e9e00000| Complete 
| 159|0x00000000e9f00000, 0x00000000ea000000, 0x00000000ea000000|100%| S|CS|TAMS 0x00000000e9f00000, 0x00000000e9f00000| Complete 
| 160|0x00000000ea000000, 0x00000000ea100000, 0x00000000ea100000|100%| S|CS|TAMS 0x00000000ea000000, 0x00000000ea000000| Complete 
| 161|0x00000000ea100000, 0x00000000ea200000, 0x00000000ea200000|100%| S|CS|TAMS 0x00000000ea100000, 0x00000000ea100000| Complete 
| 162|0x00000000ea200000, 0x00000000ea300000, 0x00000000ea300000|100%| S|CS|TAMS 0x00000000ea200000, 0x00000000ea200000| Complete 
| 163|0x00000000ea300000, 0x00000000ea400000, 0x00000000ea400000|100%| S|CS|TAMS 0x00000000ea300000, 0x00000000ea300000| Complete 
| 164|0x00000000ea400000, 0x00000000ea500000, 0x00000000ea500000|100%| S|CS|TAMS 0x00000000ea400000, 0x00000000ea400000| Complete 
| 165|0x00000000ea500000, 0x00000000ea600000, 0x00000000ea600000|100%| S|CS|TAMS 0x00000000ea500000, 0x00000000ea500000| Complete 
| 166|0x00000000ea600000, 0x00000000ea700000, 0x00000000ea700000|100%| S|CS|TAMS 0x00000000ea600000, 0x00000000ea600000| Complete 
| 167|0x00000000ea700000, 0x00000000ea700000, 0x00000000ea800000|  0%| F|  |TAMS 0x00000000ea700000, 0x00000000ea700000| Untracked 
| 168|0x00000000ea800000, 0x00000000ea800000, 0x00000000ea900000|  0%| F|  |TAMS 0x00000000ea800000, 0x00000000ea800000| Untracked 
| 169|0x00000000ea900000, 0x00000000ea900000, 0x00000000eaa00000|  0%| F|  |TAMS 0x00000000ea900000, 0x00000000ea900000| Untracked 
| 170|0x00000000eaa00000, 0x00000000eaa00000, 0x00000000eab00000|  0%| F|  |TAMS 0x00000000eaa00000, 0x00000000eaa00000| Untracked 
| 171|0x00000000eab00000, 0x00000000eab00000, 0x00000000eac00000|  0%| F|  |TAMS 0x00000000eab00000, 0x00000000eab00000| Untracked 
| 172|0x00000000eac00000, 0x00000000eac00000, 0x00000000ead00000|  0%| F|  |TAMS 0x00000000eac00000, 0x00000000eac00000| Untracked 
| 173|0x00000000ead00000, 0x00000000ead00000, 0x00000000eae00000|  0%| F|  |TAMS 0x00000000ead00000, 0x00000000ead00000| Untracked 
| 174|0x00000000eae00000, 0x00000000eae00000, 0x00000000eaf00000|  0%| F|  |TAMS 0x00000000eae00000, 0x00000000eae00000| Untracked 
| 175|0x00000000eaf00000, 0x00000000eaf00000, 0x00000000eb000000|  0%| F|  |TAMS 0x00000000eaf00000, 0x00000000eaf00000| Untracked 
| 176|0x00000000eb000000, 0x00000000eb000000, 0x00000000eb100000|  0%| F|  |TAMS 0x00000000eb000000, 0x00000000eb000000| Untracked 
| 177|0x00000000eb100000, 0x00000000eb100000, 0x00000000eb200000|  0%| F|  |TAMS 0x00000000eb100000, 0x00000000eb100000| Untracked 
| 178|0x00000000eb200000, 0x00000000eb200000, 0x00000000eb300000|  0%| F|  |TAMS 0x00000000eb200000, 0x00000000eb200000| Untracked 
| 179|0x00000000eb300000, 0x00000000eb300000, 0x00000000eb400000|  0%| F|  |TAMS 0x00000000eb300000, 0x00000000eb300000| Untracked 
| 180|0x00000000eb400000, 0x00000000eb400000, 0x00000000eb500000|  0%| F|  |TAMS 0x00000000eb400000, 0x00000000eb400000| Untracked 
| 181|0x00000000eb500000, 0x00000000eb500000, 0x00000000eb600000|  0%| F|  |TAMS 0x00000000eb500000, 0x00000000eb500000| Untracked 
| 182|0x00000000eb600000, 0x00000000eb600000, 0x00000000eb700000|  0%| F|  |TAMS 0x00000000eb600000, 0x00000000eb600000| Untracked 
| 183|0x00000000eb700000, 0x00000000eb7ca3d0, 0x00000000eb800000| 78%| E|  |TAMS 0x00000000eb700000, 0x00000000eb700000| Complete 
| 184|0x00000000eb800000, 0x00000000eb900000, 0x00000000eb900000|100%| E|CS|TAMS 0x00000000eb800000, 0x00000000eb800000| Complete 
| 185|0x00000000eb900000, 0x00000000eba00000, 0x00000000eba00000|100%| E|CS|TAMS 0x00000000eb900000, 0x00000000eb900000| Complete 
| 186|0x00000000eba00000, 0x00000000ebb00000, 0x00000000ebb00000|100%| E|CS|TAMS 0x00000000eba00000, 0x00000000eba00000| Complete 
| 187|0x00000000ebb00000, 0x00000000ebc00000, 0x00000000ebc00000|100%| E|CS|TAMS 0x00000000ebb00000, 0x00000000ebb00000| Complete 
| 188|0x00000000ebc00000, 0x00000000ebd00000, 0x00000000ebd00000|100%| E|CS|TAMS 0x00000000ebc00000, 0x00000000ebc00000| Complete 
| 189|0x00000000ebd00000, 0x00000000ebe00000, 0x00000000ebe00000|100%| E|CS|TAMS 0x00000000ebd00000, 0x00000000ebd00000| Complete 
| 190|0x00000000ebe00000, 0x00000000ebf00000, 0x00000000ebf00000|100%| E|CS|TAMS 0x00000000ebe00000, 0x00000000ebe00000| Complete 
| 191|0x00000000ebf00000, 0x00000000ec000000, 0x00000000ec000000|100%| E|CS|TAMS 0x00000000ebf00000, 0x00000000ebf00000| Complete 
| 192|0x00000000ec000000, 0x00000000ec100000, 0x00000000ec100000|100%| E|CS|TAMS 0x00000000ec000000, 0x00000000ec000000| Complete 
| 193|0x00000000ec100000, 0x00000000ec200000, 0x00000000ec200000|100%| E|CS|TAMS 0x00000000ec100000, 0x00000000ec100000| Complete 
| 194|0x00000000ec200000, 0x00000000ec300000, 0x00000000ec300000|100%| E|CS|TAMS 0x00000000ec200000, 0x00000000ec200000| Complete 
| 195|0x00000000ec300000, 0x00000000ec400000, 0x00000000ec400000|100%| E|CS|TAMS 0x00000000ec300000, 0x00000000ec300000| Complete 
| 196|0x00000000ec400000, 0x00000000ec500000, 0x00000000ec500000|100%| E|CS|TAMS 0x00000000ec400000, 0x00000000ec400000| Complete 
| 197|0x00000000ec500000, 0x00000000ec600000, 0x00000000ec600000|100%| E|CS|TAMS 0x00000000ec500000, 0x00000000ec500000| Complete 
| 198|0x00000000ec600000, 0x00000000ec700000, 0x00000000ec700000|100%| E|CS|TAMS 0x00000000ec600000, 0x00000000ec600000| Complete 
| 199|0x00000000ec700000, 0x00000000ec800000, 0x00000000ec800000|100%| E|CS|TAMS 0x00000000ec700000, 0x00000000ec700000| Complete 
| 200|0x00000000ec800000, 0x00000000ec900000, 0x00000000ec900000|100%| E|CS|TAMS 0x00000000ec800000, 0x00000000ec800000| Complete 
| 201|0x00000000ec900000, 0x00000000eca00000, 0x00000000eca00000|100%| E|CS|TAMS 0x00000000ec900000, 0x00000000ec900000| Complete 
| 202|0x00000000eca00000, 0x00000000ecb00000, 0x00000000ecb00000|100%| E|CS|TAMS 0x00000000eca00000, 0x00000000eca00000| Complete 
| 203|0x00000000ecb00000, 0x00000000ecc00000, 0x00000000ecc00000|100%| E|CS|TAMS 0x00000000ecb00000, 0x00000000ecb00000| Complete 
| 204|0x00000000ecc00000, 0x00000000ecd00000, 0x00000000ecd00000|100%| E|CS|TAMS 0x00000000ecc00000, 0x00000000ecc00000| Complete 
| 205|0x00000000ecd00000, 0x00000000ece00000, 0x00000000ece00000|100%| E|CS|TAMS 0x00000000ecd00000, 0x00000000ecd00000| Complete 
| 206|0x00000000ece00000, 0x00000000ecf00000, 0x00000000ecf00000|100%| E|CS|TAMS 0x00000000ece00000, 0x00000000ece00000| Complete 
| 207|0x00000000ecf00000, 0x00000000ed000000, 0x00000000ed000000|100%| E|CS|TAMS 0x00000000ecf00000, 0x00000000ecf00000| Complete 
| 208|0x00000000ed000000, 0x00000000ed100000, 0x00000000ed100000|100%| E|CS|TAMS 0x00000000ed000000, 0x00000000ed000000| Complete 
| 209|0x00000000ed100000, 0x00000000ed200000, 0x00000000ed200000|100%| E|CS|TAMS 0x00000000ed100000, 0x00000000ed100000| Complete 
| 210|0x00000000ed200000, 0x00000000ed300000, 0x00000000ed300000|100%| E|CS|TAMS 0x00000000ed200000, 0x00000000ed200000| Complete 
| 211|0x00000000ed300000, 0x00000000ed400000, 0x00000000ed400000|100%| E|CS|TAMS 0x00000000ed300000, 0x00000000ed300000| Complete 
| 212|0x00000000ed400000, 0x00000000ed500000, 0x00000000ed500000|100%| E|CS|TAMS 0x00000000ed400000, 0x00000000ed400000| Complete 
| 213|0x00000000ed500000, 0x00000000ed600000, 0x00000000ed600000|100%| E|CS|TAMS 0x00000000ed500000, 0x00000000ed500000| Complete 
| 214|0x00000000ed600000, 0x00000000ed700000, 0x00000000ed700000|100%| E|CS|TAMS 0x00000000ed600000, 0x00000000ed600000| Complete 
| 215|0x00000000ed700000, 0x00000000ed800000, 0x00000000ed800000|100%| E|CS|TAMS 0x00000000ed700000, 0x00000000ed700000| Complete 
| 216|0x00000000ed800000, 0x00000000ed900000, 0x00000000ed900000|100%| E|CS|TAMS 0x00000000ed800000, 0x00000000ed800000| Complete 
| 217|0x00000000ed900000, 0x00000000eda00000, 0x00000000eda00000|100%| E|CS|TAMS 0x00000000ed900000, 0x00000000ed900000| Complete 
| 218|0x00000000eda00000, 0x00000000edb00000, 0x00000000edb00000|100%| E|CS|TAMS 0x00000000eda00000, 0x00000000eda00000| Complete 
| 219|0x00000000edb00000, 0x00000000edc00000, 0x00000000edc00000|100%| E|CS|TAMS 0x00000000edb00000, 0x00000000edb00000| Complete 
| 220|0x00000000edc00000, 0x00000000edd00000, 0x00000000edd00000|100%| E|CS|TAMS 0x00000000edc00000, 0x00000000edc00000| Complete 
| 221|0x00000000edd00000, 0x00000000ede00000, 0x00000000ede00000|100%| E|CS|TAMS 0x00000000edd00000, 0x00000000edd00000| Complete 
| 222|0x00000000ede00000, 0x00000000edf00000, 0x00000000edf00000|100%| E|CS|TAMS 0x00000000ede00000, 0x00000000ede00000| Complete 
| 223|0x00000000edf00000, 0x00000000ee000000, 0x00000000ee000000|100%| E|CS|TAMS 0x00000000edf00000, 0x00000000edf00000| Complete 
| 224|0x00000000ee000000, 0x00000000ee100000, 0x00000000ee100000|100%| E|CS|TAMS 0x00000000ee000000, 0x00000000ee000000| Complete 
| 225|0x00000000ee100000, 0x00000000ee200000, 0x00000000ee200000|100%| E|CS|TAMS 0x00000000ee100000, 0x00000000ee100000| Complete 
| 226|0x00000000ee200000, 0x00000000ee300000, 0x00000000ee300000|100%| E|CS|TAMS 0x00000000ee200000, 0x00000000ee200000| Complete 
| 227|0x00000000ee300000, 0x00000000ee400000, 0x00000000ee400000|100%| E|CS|TAMS 0x00000000ee300000, 0x00000000ee300000| Complete 
| 228|0x00000000ee400000, 0x00000000ee500000, 0x00000000ee500000|100%| E|CS|TAMS 0x00000000ee400000, 0x00000000ee400000| Complete 
| 229|0x00000000ee500000, 0x00000000ee600000, 0x00000000ee600000|100%| E|CS|TAMS 0x00000000ee500000, 0x00000000ee500000| Complete 
| 230|0x00000000ee600000, 0x00000000ee700000, 0x00000000ee700000|100%| E|CS|TAMS 0x00000000ee600000, 0x00000000ee600000| Complete 
| 231|0x00000000ee700000, 0x00000000ee800000, 0x00000000ee800000|100%| E|CS|TAMS 0x00000000ee700000, 0x00000000ee700000| Complete 
| 232|0x00000000ee800000, 0x00000000ee900000, 0x00000000ee900000|100%| E|CS|TAMS 0x00000000ee800000, 0x00000000ee800000| Complete 
| 233|0x00000000ee900000, 0x00000000eea00000, 0x00000000eea00000|100%| E|CS|TAMS 0x00000000ee900000, 0x00000000ee900000| Complete 
| 234|0x00000000eea00000, 0x00000000eeb00000, 0x00000000eeb00000|100%| E|CS|TAMS 0x00000000eea00000, 0x00000000eea00000| Complete 
| 235|0x00000000eeb00000, 0x00000000eec00000, 0x00000000eec00000|100%| E|CS|TAMS 0x00000000eeb00000, 0x00000000eeb00000| Complete 
| 236|0x00000000eec00000, 0x00000000eed00000, 0x00000000eed00000|100%| E|CS|TAMS 0x00000000eec00000, 0x00000000eec00000| Complete 
| 237|0x00000000eed00000, 0x00000000eee00000, 0x00000000eee00000|100%| E|CS|TAMS 0x00000000eed00000, 0x00000000eed00000| Complete 
| 238|0x00000000eee00000, 0x00000000eef00000, 0x00000000eef00000|100%| E|CS|TAMS 0x00000000eee00000, 0x00000000eee00000| Complete 
| 239|0x00000000eef00000, 0x00000000ef000000, 0x00000000ef000000|100%| E|CS|TAMS 0x00000000eef00000, 0x00000000eef00000| Complete 
| 240|0x00000000ef000000, 0x00000000ef100000, 0x00000000ef100000|100%| E|CS|TAMS 0x00000000ef000000, 0x00000000ef000000| Complete 
| 241|0x00000000ef100000, 0x00000000ef200000, 0x00000000ef200000|100%| E|CS|TAMS 0x00000000ef100000, 0x00000000ef100000| Complete 
| 242|0x00000000ef200000, 0x00000000ef300000, 0x00000000ef300000|100%| E|CS|TAMS 0x00000000ef200000, 0x00000000ef200000| Complete 
| 243|0x00000000ef300000, 0x00000000ef400000, 0x00000000ef400000|100%| E|CS|TAMS 0x00000000ef300000, 0x00000000ef300000| Complete 
| 244|0x00000000ef400000, 0x00000000ef500000, 0x00000000ef500000|100%| E|CS|TAMS 0x00000000ef400000, 0x00000000ef400000| Complete 
| 245|0x00000000ef500000, 0x00000000ef600000, 0x00000000ef600000|100%| E|CS|TAMS 0x00000000ef500000, 0x00000000ef500000| Complete 
| 246|0x00000000ef600000, 0x00000000ef700000, 0x00000000ef700000|100%| E|CS|TAMS 0x00000000ef600000, 0x00000000ef600000| Complete 
| 247|0x00000000ef700000, 0x00000000ef800000, 0x00000000ef800000|100%| E|CS|TAMS 0x00000000ef700000, 0x00000000ef700000| Complete 
| 248|0x00000000ef800000, 0x00000000ef900000, 0x00000000ef900000|100%| E|CS|TAMS 0x00000000ef800000, 0x00000000ef800000| Complete 
| 249|0x00000000ef900000, 0x00000000efa00000, 0x00000000efa00000|100%| E|CS|TAMS 0x00000000ef900000, 0x00000000ef900000| Complete 
| 250|0x00000000efa00000, 0x00000000efb00000, 0x00000000efb00000|100%| E|CS|TAMS 0x00000000efa00000, 0x00000000efa00000| Complete 
| 251|0x00000000efb00000, 0x00000000efc00000, 0x00000000efc00000|100%| E|CS|TAMS 0x00000000efb00000, 0x00000000efb00000| Complete 
| 252|0x00000000efc00000, 0x00000000efd00000, 0x00000000efd00000|100%| E|CS|TAMS 0x00000000efc00000, 0x00000000efc00000| Complete 
| 253|0x00000000efd00000, 0x00000000efe00000, 0x00000000efe00000|100%| E|CS|TAMS 0x00000000efd00000, 0x00000000efd00000| Complete 
| 254|0x00000000efe00000, 0x00000000eff00000, 0x00000000eff00000|100%| E|CS|TAMS 0x00000000efe00000, 0x00000000efe00000| Complete 
| 255|0x00000000eff00000, 0x00000000f0000000, 0x00000000f0000000|100%| E|CS|TAMS 0x00000000eff00000, 0x00000000eff00000| Complete 

Card table byte_map: [0x00000198d6c30000,0x00000198d6d30000] _byte_map_base: 0x00000198d6530000

Marking Bits (Prev, Next): (CMBitMap*) 0x00000198bf1eaa68, (CMBitMap*) 0x00000198bf1eaaa0
 Prev Bits: [0x00000198d6e30000, 0x00000198d7630000)
 Next Bits: [0x00000198d7630000, 0x00000198d7e30000)

Polling page: 0x00000198bcf60000

Metaspace:

Usage:
  Non-class:     42.61 MB capacity,    41.80 MB ( 98%) used,   711.01 KB (  2%) free+waste,   120.56 KB ( <1%) overhead. 
      Class:      6.82 MB capacity,     6.34 MB ( 93%) used,   433.43 KB (  6%) free+waste,    58.38 KB ( <1%) overhead. 
       Both:     49.43 MB capacity,    48.14 MB ( 97%) used,     1.12 MB (  2%) free+waste,   178.94 KB ( <1%) overhead. 

Virtual space:
  Non-class space:       44.00 MB reserved,      42.83 MB ( 97%) committed 
      Class space:      248.00 MB reserved,       6.88 MB (  3%) committed 
             Both:      292.00 MB reserved,      49.70 MB ( 17%) committed 

Chunk freelists:
   Non-Class:  29.00 KB
       Class:  0 bytes
        Both:  29.00 KB

MaxMetaspaceSize: 256.00 MB
CompressedClassSpaceSize: 248.00 MB

CodeHeap 'non-profiled nmethods': size=120000Kb used=2959Kb max_used=2959Kb free=117040Kb
 bounds [0x00000198cf2c0000, 0x00000198cf5b0000, 0x00000198d67f0000]
CodeHeap 'profiled nmethods': size=120000Kb used=9062Kb max_used=9062Kb free=110937Kb
 bounds [0x00000198c7d90000, 0x00000198c8670000, 0x00000198cf2c0000]
CodeHeap 'non-nmethods': size=5760Kb used=2285Kb max_used=2372Kb free=3475Kb
 bounds [0x00000198c77f0000, 0x00000198c7a60000, 0x00000198c7d90000]
 total_blobs=4872 nmethods=4106 adapters=685
 compilation: enabled
              stopped_count=0, restarted_count=0
 full_count=0

Compilation events (20 events):
Event: 8.147 Thread 0x00000198db15b800 nmethod 4374 0x00000198cf579090 code [0x00000198cf579240, 0x00000198cf5792f8]
Event: 8.147 Thread 0x00000198db15b800 4375       3       javax.management.ObjectName::construct (1135 bytes)
Event: 8.149 Thread 0x00000198dc0dd000 nmethod 4298 0x00000198cf579390 code [0x00000198cf579680, 0x00000198cf57d410]
Event: 8.149 Thread 0x00000198dc0dd000 4318       4       java.util.Arrays::binarySearch0 (95 bytes)
Event: 8.152 Thread 0x00000198dc0dd000 nmethod 4318 0x00000198cf57ec90 code [0x00000198cf57ee20, 0x00000198cf57f018]
Event: 8.152 Thread 0x00000198dc0dd000 4316       4       java.util.StringJoiner::toString (181 bytes)
Event: 8.154 Thread 0x00000198db15b800 nmethod 4375 0x00000198c8665e10 code [0x00000198c8666560, 0x00000198c866aa68]
Event: 8.154 Thread 0x00000198db15b800 4376       1       sun.management.MemoryPoolImpl::getName (5 bytes)
Event: 8.154 Thread 0x00000198db15b800 nmethod 4376 0x00000198cf57f190 code [0x00000198cf57f340, 0x00000198cf57f3f8]
Event: 8.181 Thread 0x00000198e051d800 nmethod 4299 0x00000198cf57f490 code [0x00000198cf57f7c0, 0x00000198cf583b40]
Event: 8.182 Thread 0x00000198e051d800 4331       4       java.util.AbstractMap::<init> (5 bytes)
Event: 8.182 Thread 0x00000198e051d800 nmethod 4331 0x00000198cf585a90 code [0x00000198cf585c20, 0x00000198cf585c78]
Event: 8.182 Thread 0x00000198e051d800 4314       4       java.beans.MethodRef::get (91 bytes)
Event: 8.183 Thread 0x00000198e051d800 nmethod 4314 0x00000198cf585d10 code [0x00000198cf585ec0, 0x00000198cf586018]
Event: 8.183 Thread 0x00000198e051d800 4319       4       org.codehaus.groovy.reflection.CachedMethod::isStatic (8 bytes)
Event: 8.184 Thread 0x00000198e051d800 nmethod 4319 0x00000198cf586190 code [0x00000198cf586320, 0x00000198cf5863d8]
Event: 8.184 Thread 0x00000198e051d800 4305       4       java.lang.Class::getClassLoader (28 bytes)
Event: 8.185 Thread 0x00000198e051d800 nmethod 4305 0x00000198cf586490 code [0x00000198cf586620, 0x00000198cf5866b8]
Event: 8.185 Thread 0x00000198e051d800 4310       4       groovy.lang.MetaClassImpl::addMetaMethodToIndex (65 bytes)
Event: 8.238 Thread 0x00000198dc0dd000 nmethod 4316 0x00000198cf586790 code [0x00000198cf586a40, 0x00000198cf58ab18]

GC Heap History (10 events):
Event: 0.637 GC heap before
{Heap before GC invocations=0 (full 0):
 garbage-first heap   total 262144K, used 29696K [0x00000000e0000000, 0x0000000100000000)
  region size 1024K, 24 young (24576K), 0 survivors (0K)
 Metaspace       used 10494K, capacity 10712K, committed 11008K, reserved 264192K
  class space    used 1098K, capacity 1164K, committed 1280K, reserved 253952K
}
Event: 0.642 GC heap after
{Heap after GC invocations=1 (full 0):
 garbage-first heap   total 262144K, used 8552K [0x00000000e0000000, 0x0000000100000000)
  region size 1024K, 3 young (3072K), 3 survivors (3072K)
 Metaspace       used 10494K, capacity 10712K, committed 11008K, reserved 264192K
  class space    used 1098K, capacity 1164K, committed 1280K, reserved 253952K
}
Event: 4.083 GC heap before
{Heap before GC invocations=1 (full 0):
 garbage-first heap   total 262144K, used 87400K [0x00000000e0000000, 0x0000000100000000)
  region size 1024K, 81 young (82944K), 3 survivors (3072K)
 Metaspace       used 20699K, capacity 21111K, committed 21296K, reserved 274432K
  class space    used 2433K, capacity 2595K, committed 2688K, reserved 253952K
}
Event: 4.089 GC heap after
{Heap after GC invocations=2 (full 0):
 garbage-first heap   total 262144K, used 15671K [0x00000000e0000000, 0x0000000100000000)
  region size 1024K, 10 young (10240K), 10 survivors (10240K)
 Metaspace       used 20699K, capacity 21111K, committed 21296K, reserved 274432K
  class space    used 2433K, capacity 2595K, committed 2688K, reserved 253952K
}
Event: 4.382 GC heap before
{Heap before GC invocations=3 (full 0):
 garbage-first heap   total 262144K, used 40247K [0x00000000e0000000, 0x0000000100000000)
  region size 1024K, 34 young (34816K), 10 survivors (10240K)
 Metaspace       used 23732K, capacity 24256K, committed 24368K, reserved 276480K
  class space    used 2926K, capacity 3117K, committed 3200K, reserved 253952K
}
Event: 4.387 GC heap after
{Heap after GC invocations=4 (full 0):
 garbage-first heap   total 262144K, used 16918K [0x00000000e0000000, 0x0000000100000000)
  region size 1024K, 2 young (2048K), 2 survivors (2048K)
 Metaspace       used 23732K, capacity 24256K, committed 24368K, reserved 276480K
  class space    used 2926K, capacity 3117K, committed 3200K, reserved 253952K
}
Event: 5.375 GC heap before
{Heap before GC invocations=4 (full 0):
 garbage-first heap   total 262144K, used 84502K [0x00000000e0000000, 0x0000000100000000)
  region size 1024K, 67 young (68608K), 2 survivors (2048K)
 Metaspace       used 35167K, capacity 35825K, committed 35920K, reserved 286720K
  class space    used 4351K, capacity 4591K, committed 4608K, reserved 253952K
}
Event: 5.383 GC heap after
{Heap after GC invocations=5 (full 0):
 garbage-first heap   total 262144K, used 21172K [0x00000000e0000000, 0x0000000100000000)
  region size 1024K, 6 young (6144K), 6 survivors (6144K)
 Metaspace       used 35167K, capacity 35825K, committed 35920K, reserved 286720K
  class space    used 4351K, capacity 4591K, committed 4608K, reserved 253952K
}
Event: 6.731 GC heap before
{Heap before GC invocations=6 (full 0):
 garbage-first heap   total 262144K, used 106164K [0x00000000e0000000, 0x0000000100000000)
  region size 1024K, 89 young (91136K), 6 survivors (6144K)
 Metaspace       used 42794K, capacity 43793K, committed 43856K, reserved 292864K
  class space    used 5515K, capacity 5874K, committed 5888K, reserved 253952K
}
Event: 6.743 GC heap after
{Heap after GC invocations=7 (full 0):
 garbage-first heap   total 262144K, used 25597K [0x00000000e0000000, 0x0000000100000000)
  region size 1024K, 10 young (10240K), 10 survivors (10240K)
 Metaspace       used 42794K, capacity 43793K, committed 43856K, reserved 292864K
  class space    used 5515K, capacity 5874K, committed 5888K, reserved 253952K
}

Deoptimization events (20 events):
Event: 8.110 Thread 0x00000198dd725000 DEOPT PACKING pc=0x00000198cf374c48 sp=0x0000001f479fc010
Event: 8.110 Thread 0x00000198dd725000 DEOPT UNPACKING pc=0x00000198c782b94e sp=0x0000001f479fb4c8 mode 1
Event: 8.110 Thread 0x00000198dd725000 DEOPT PACKING pc=0x00000198cf374c48 sp=0x0000001f479fc0c0
Event: 8.110 Thread 0x00000198dd725000 DEOPT UNPACKING pc=0x00000198c782b94e sp=0x0000001f479fb578 mode 1
Event: 8.111 Thread 0x00000198e1d08000 DEOPT PACKING pc=0x00000198c7ea36c1 sp=0x0000001f483fdb70
Event: 8.111 Thread 0x00000198e1d08000 DEOPT UNPACKING pc=0x00000198c782b94e sp=0x0000001f483fd018 mode 1
Event: 8.111 Thread 0x00000198e1d08000 DEOPT PACKING pc=0x00000198cf374c48 sp=0x0000001f483fdbd0
Event: 8.111 Thread 0x00000198e1d08000 DEOPT UNPACKING pc=0x00000198c782b94e sp=0x0000001f483fd088 mode 1
Event: 8.111 Thread 0x00000198e1d08000 DEOPT PACKING pc=0x00000198cf374c48 sp=0x0000001f483fdc80
Event: 8.111 Thread 0x00000198e1d08000 DEOPT UNPACKING pc=0x00000198c782b94e sp=0x0000001f483fd138 mode 1
Event: 8.127 Thread 0x00000198e1d08000 DEOPT PACKING pc=0x00000198c7ea36c1 sp=0x0000001f483fdef0
Event: 8.127 Thread 0x00000198e1d08000 DEOPT UNPACKING pc=0x00000198c782b94e sp=0x0000001f483fd398 mode 1
Event: 8.127 Thread 0x00000198e1d08000 DEOPT PACKING pc=0x00000198cf374c48 sp=0x0000001f483fdf50
Event: 8.127 Thread 0x00000198e1d08000 DEOPT UNPACKING pc=0x00000198c782b94e sp=0x0000001f483fd408 mode 1
Event: 8.127 Thread 0x00000198e1d08000 DEOPT PACKING pc=0x00000198cf374c48 sp=0x0000001f483fe000
Event: 8.127 Thread 0x00000198e1d08000 DEOPT UNPACKING pc=0x00000198c782b94e sp=0x0000001f483fd4b8 mode 1
Event: 8.131 Thread 0x00000198e1d14800 Uncommon trap: trap_request=0xffffffde fr.pc=0x00000198cf5535f8 relative=0x0000000000000a58
Event: 8.131 Thread 0x00000198e1d14800 Uncommon trap: reason=class_check action=maybe_recompile pc=0x00000198cf5535f8 method=java.io.BufferedInputStream.read1([BII)I @ 39 c2
Event: 8.131 Thread 0x00000198e1d14800 DEOPT PACKING pc=0x00000198cf5535f8 sp=0x0000001f485fed70
Event: 8.131 Thread 0x00000198e1d14800 DEOPT UNPACKING pc=0x00000198c782bb2f sp=0x0000001f485feca8 mode 2

Classes redefined (0 events):
No events

Internal exceptions (20 events):
Event: 7.907 Thread 0x00000198dd725000 Exception <a 'java/lang/NoSuchMethodError'{0x00000000ec110548}: 'void java.lang.invoke.DirectMethodHandle$Holder.invokeStatic(java.lang.Object, java.lang.Object, java.lang.Object, int, java.lang.Object)'> (0x00000000ec110548) thrown at [./src/hotspot/share/interpreter/linkResolver.cpp, line 773]
Event: 8.042 Thread 0x00000198dd2e0000 Exception <a 'java/lang/NoSuchMethodError'{0x00000000ec3d3080}: <clinit>> (0x00000000ec3d3080) thrown at [./src/hotspot/share/prims/jni.cpp, line 1362]
Event: 8.044 Thread 0x00000198dd2e0000 Exception <a 'java/lang/NoSuchMethodError'{0x00000000ebbdc378}: <clinit>> (0x00000000ebbdc378) thrown at [./src/hotspot/share/prims/jni.cpp, line 1362]
Event: 8.045 Thread 0x00000198dd2e0000 Exception <a 'java/lang/NoSuchMethodError'{0x00000000ebbdd650}: <clinit>> (0x00000000ebbdd650) thrown at [./src/hotspot/share/prims/jni.cpp, line 1362]
Event: 8.045 Thread 0x00000198dd2e0000 Exception <a 'java/lang/NoSuchMethodError'{0x00000000ebbdebd8}: <clinit>> (0x00000000ebbdebd8) thrown at [./src/hotspot/share/prims/jni.cpp, line 1362]
Event: 8.050 Thread 0x00000198dd725000 Exception <a 'java/lang/ClassNotFoundException'{0x00000000eba5fc80}: org/gradle/language/jvm/tasks/ProcessResources_DecoratedBeanInfo> (0x00000000eba5fc80) thrown at [./src/hotspot/share/classfile/systemDictionary.cpp, line 231]
Event: 8.050 Thread 0x00000198dd725000 Exception <a 'java/lang/ClassNotFoundException'{0x00000000eba749f8}: org/gradle/language/jvm/tasks/ProcessResourcesBeanInfo> (0x00000000eba749f8) thrown at [./src/hotspot/share/classfile/systemDictionary.cpp, line 231]
Event: 8.051 Thread 0x00000198dd725000 Exception <a 'java/lang/ClassNotFoundException'{0x00000000eba7ea68}: org/gradle/api/tasks/CopyBeanInfo> (0x00000000eba7ea68) thrown at [./src/hotspot/share/classfile/systemDictionary.cpp, line 231]
Event: 8.052 Thread 0x00000198dd725000 Exception <a 'java/lang/ClassNotFoundException'{0x00000000eba8a480}: org/gradle/api/tasks/AbstractCopyTaskBeanInfo> (0x00000000eba8a480) thrown at [./src/hotspot/share/classfile/systemDictionary.cpp, line 231]
Event: 8.053 Thread 0x00000198dd725000 Exception <a 'java/lang/ClassNotFoundException'{0x00000000eba95c00}: org/gradle/api/tasks/AbstractCopyTaskCustomizer> (0x00000000eba95c00) thrown at [./src/hotspot/share/classfile/systemDictionary.cpp, line 231]
Event: 8.057 Thread 0x00000198dd725000 Exception <a 'java/lang/ClassNotFoundException'{0x00000000eb904d50}: org/gradle/api/tasks/CopyCustomizer> (0x00000000eb904d50) thrown at [./src/hotspot/share/classfile/systemDictionary.cpp, line 231]
Event: 8.059 Thread 0x00000198dd725000 Exception <a 'java/lang/ClassNotFoundException'{0x00000000eb92e7d8}: org/gradle/language/jvm/tasks/ProcessResourcesCustomizer> (0x00000000eb92e7d8) thrown at [./src/hotspot/share/classfile/systemDictionary.cpp, line 231]
Event: 8.060 Thread 0x00000198dd725000 Exception <a 'java/lang/ClassNotFoundException'{0x00000000eb9578c8}: org/gradle/language/jvm/tasks/ProcessResources_DecoratedCustomizer> (0x00000000eb9578c8) thrown at [./src/hotspot/share/classfile/systemDictionary.cpp, line 231]
Event: 8.086 Thread 0x00000198dd725000 Exception <a 'java/lang/ClassNotFoundException'{0x00000000eb855a70}: org/gradle/api/DefaultTask_DecoratedBeanInfo> (0x00000000eb855a70) thrown at [./src/hotspot/share/classfile/systemDictionary.cpp, line 231]
Event: 8.087 Thread 0x00000198dd725000 Exception <a 'java/lang/ClassNotFoundException'{0x00000000eb861198}: org/gradle/api/DefaultTask_DecoratedCustomizer> (0x00000000eb861198) thrown at [./src/hotspot/share/classfile/systemDictionary.cpp, line 231]
Event: 8.122 Thread 0x00000198e1d08000 Exception <a 'java/lang/NoSuchMethodError'{0x00000000eb70a308}: 'void java.lang.invoke.DirectMethodHandle$Holder.invokeStatic(java.lang.Object, long)'> (0x00000000eb70a308) thrown at [./src/hotspot/share/interpreter/linkResolver.cpp, line 773]
Event: 8.123 Thread 0x00000198e1d08000 Exception <a 'java/lang/NoSuchMethodError'{0x00000000eb70f520}: 'java.lang.Object java.lang.invoke.DirectMethodHandle$Holder.invokeStatic(java.lang.Object, long)'> (0x00000000eb70f520) thrown at [./src/hotspot/share/interpreter/linkResolver.cpp, line 773]
Event: 8.125 Thread 0x00000198e1d08000 Exception <a 'java/lang/NoSuchMethodError'{0x00000000eb71d4f8}: 'java.lang.Object java.lang.invoke.DirectMethodHandle$Holder.invokeStaticInit(java.lang.Object, java.lang.Object, long, java.lang.Object)'> (0x00000000eb71d4f8) thrown at [./src/hotspot/share/interpreter/linkResolver.cpp, line 773]
Event: 8.126 Thread 0x00000198e1d08000 Exception <a 'java/lang/NoSuchMethodError'{0x00000000eb7233e8}: 'java.lang.Object java.lang.invoke.DirectMethodHandle$Holder.invokeStatic(java.lang.Object, java.lang.Object, long)'> (0x00000000eb7233e8) thrown at [./src/hotspot/share/interpreter/linkResolver.cpp, line 773]
Event: 8.126 Thread 0x00000198e1d08000 Exception <a 'java/lang/NoSuchMethodError'{0x00000000eb7296b8}: 'java.lang.Object java.lang.invoke.Invokers$Holder.linkToTargetMethod(java.lang.Object, long, java.lang.Object)'> (0x00000000eb7296b8) thrown at [./src/hotspot/share/interpreter/linkResolver.cpp, line 773]

Events (20 events):
Event: 8.110 loading class org/gradle/internal/operations/CurrentBuildOperationPreservingRunnable done
Event: 8.110 Thread 0x00000198e1d08000 Thread added: 0x00000198e1d08000
Event: 8.111 loading class java/lang/ProcessBuilder
Event: 8.111 loading class java/lang/ProcessBuilder done
Event: 8.111 loading class net/rubygrapefruit/platform/internal/jni/WindowsHandleFunctions
Event: 8.111 loading class net/rubygrapefruit/platform/internal/jni/WindowsHandleFunctions done
Event: 8.112 loading class java/lang/ProcessImpl
Event: 8.112 loading class java/lang/ProcessImpl done
Event: 8.124 loading class java/lang/ProcessHandleImpl
Event: 8.124 loading class java/lang/ProcessHandleImpl done
Event: 8.127 loading class java/lang/ProcessImpl$2
Event: 8.127 loading class java/lang/ProcessImpl$2 done
Event: 8.127 loading class java/lang/Process$PipeInputStream
Event: 8.127 loading class java/lang/Process$PipeInputStream done
Event: 8.127 loading class org/gradle/process/internal/streams/ExecOutputHandleRunner
Event: 8.127 loading class org/gradle/process/internal/streams/ExecOutputHandleRunner done
Event: 8.130 Thread 0x00000198e1d0e800 Thread added: 0x00000198e1d0e800
Event: 8.130 Thread 0x00000198e1d14800 Thread added: 0x00000198e1d14800
Event: 8.131 Executing VM operation: RevokeBias
Event: 8.131 Executing VM operation: RevokeBias done


Dynamic libraries:
0x00007ff7ecca0000 - 0x00007ff7eccad000 	C:\Users\david.oberkalmsteine\.jdks\corretto-11.0.8\bin\java.exe
0x00007ffec6350000 - 0x00007ffec653c000 	C:\Windows\SYSTEM32\ntdll.dll
0x00007ffec5950000 - 0x00007ffec5a03000 	C:\Windows\System32\KERNEL32.DLL
0x00007ffec3240000 - 0x00007ffec34d4000 	C:\Windows\System32\KERNELBASE.dll
0x00007ffec24f0000 - 0x00007ffec25ea000 	C:\Windows\System32\ucrtbase.dll
0x00007ffe8f930000 - 0x00007ffe8f947000 	C:\Users\david.oberkalmsteine\.jdks\corretto-11.0.8\bin\jli.dll
0x00007ffe95a40000 - 0x00007ffe95a55000 	C:\Users\david.oberkalmsteine\.jdks\corretto-11.0.8\bin\VCRUNTIME140.dll
0x00007ffec5530000 - 0x00007ffec56c7000 	C:\Windows\System32\USER32.dll
0x00007ffec3560000 - 0x00007ffec3580000 	C:\Windows\System32\win32u.dll
0x00007ffeaa510000 - 0x00007ffeaa789000 	C:\Windows\WinSxS\amd64_microsoft.windows.common-controls_6595b64144ccf1df_6.0.17763.1817_none_de6e422c534e0cb9\COMCTL32.dll
0x00007ffec58a0000 - 0x00007ffec58c9000 	C:\Windows\System32\GDI32.dll
0x00007ffec3580000 - 0x00007ffec361e000 	C:\Windows\System32\msvcrt.dll
0x00007ffec2f30000 - 0x00007ffec30cc000 	C:\Windows\System32\gdi32full.dll
0x00007ffec5ab0000 - 0x00007ffec5dde000 	C:\Windows\System32\combase.dll
0x00007ffec31a0000 - 0x00007ffec3240000 	C:\Windows\System32\msvcp_win.dll
0x00007ffec6200000 - 0x00007ffec6320000 	C:\Windows\System32\RPCRT4.dll
0x00007ffec2470000 - 0x00007ffec24ef000 	C:\Windows\System32\bcryptPrimitives.dll
0x00007ffec4c80000 - 0x00007ffec4cae000 	C:\Windows\System32\IMM32.DLL
0x00007ffeb5ee0000 - 0x00007ffeb5f92000 	C:\Program Files\McAfee\Endpoint Security\Threat Prevention\Ips\EpMPApi.dll
0x00007ffec60f0000 - 0x00007ffec6193000 	C:\Windows\System32\ADVAPI32.dll
0x00007ffec5a10000 - 0x00007ffec5aaf000 	C:\Windows\System32\sechost.dll
0x00007ffec2410000 - 0x00007ffec2469000 	C:\Windows\System32\WINTRUST.dll
0x00007ffec23f0000 - 0x00007ffec2402000 	C:\Windows\System32\MSASN1.dll
0x00007ffec2d40000 - 0x00007ffec2f23000 	C:\Windows\System32\CRYPT32.dll
0x000000006f3b0000 - 0x000000006f3bc000 	C:\Program Files\McAfee\Endpoint Security\Threat Prevention\Ips\EpMPThe.dll
0x00007ffeb5e80000 - 0x00007ffeb5ed8000 	C:\Program Files\McAfee\Endpoint Security\Threat Prevention\Ips\HIPHandlers64.dll
0x00007ffec53f0000 - 0x00007ffec5442000 	C:\Windows\System32\SHLWAPI.dll
0x00007ffec08f0000 - 0x00007ffec0add000 	C:\Windows\SYSTEM32\dbghelp.dll
0x00007ffe73520000 - 0x00007ffe735bb000 	C:\Users\david.oberkalmsteine\.jdks\corretto-11.0.8\bin\msvcp140.dll
0x00007ffe5fef0000 - 0x00007ffe609ad000 	C:\Users\david.oberkalmsteine\.jdks\corretto-11.0.8\bin\server\jvm.dll
0x00007ffec3620000 - 0x00007ffec3628000 	C:\Windows\System32\PSAPI.DLL
0x00007ffec1200000 - 0x00007ffec120a000 	C:\Windows\SYSTEM32\VERSION.dll
0x00007ffebcc80000 - 0x00007ffebcca4000 	C:\Windows\SYSTEM32\WINMM.dll
0x00007ffea9ab0000 - 0x00007ffea9ab9000 	C:\Windows\SYSTEM32\WSOCK32.dll
0x00007ffec5320000 - 0x00007ffec538d000 	C:\Windows\System32\WS2_32.dll
0x00007ffebcc50000 - 0x00007ffebcc7d000 	C:\Windows\SYSTEM32\winmmbase.dll
0x00007ffec34e0000 - 0x00007ffec352a000 	C:\Windows\System32\cfgmgr32.dll
0x00007ffec23a0000 - 0x00007ffec23b1000 	C:\Windows\System32\kernel.appcore.dll
0x00007ffe90160000 - 0x00007ffe90170000 	C:\Users\david.oberkalmsteine\.jdks\corretto-11.0.8\bin\verify.dll
0x00007ffea4ec0000 - 0x00007ffea4eea000 	C:\Windows\SYSTEM32\dbgcore.DLL
0x00007ffe8f900000 - 0x00007ffe8f928000 	C:\Users\david.oberkalmsteine\.jdks\corretto-11.0.8\bin\java.dll
0x00007ffe8f8f0000 - 0x00007ffe8f8fa000 	C:\Users\david.oberkalmsteine\.jdks\corretto-11.0.8\bin\jimage.dll
0x00007ffea74f0000 - 0x00007ffea7528000 	C:\Users\david.oberkalmsteine\.jdks\corretto-11.0.8\bin\jdwp.dll
0x00007ffe8a950000 - 0x00007ffe8a967000 	C:\Users\david.oberkalmsteine\.jdks\corretto-11.0.8\bin\zip.dll
0x00007ffec3780000 - 0x00007ffec4c79000 	C:\Windows\System32\SHELL32.dll
0x00007ffec6040000 - 0x00007ffec60e8000 	C:\Windows\System32\shcore.dll
0x00007ffec25f0000 - 0x00007ffec2d3b000 	C:\Windows\System32\windows.storage.dll
0x00007ffec23c0000 - 0x00007ffec23e4000 	C:\Windows\System32\profapi.dll
0x00007ffec2340000 - 0x00007ffec239d000 	C:\Windows\System32\powrprof.dll
0x00007ffec30d0000 - 0x00007ffec30e7000 	C:\Windows\System32\cryptsp.dll
0x00007ffebccf0000 - 0x00007ffebccfa000 	C:\Users\david.oberkalmsteine\.jdks\corretto-11.0.8\bin\dt_socket.dll
0x00007ffec1ba0000 - 0x00007ffec1c07000 	C:\Windows\system32\mswsock.dll
0x00007ffe8a930000 - 0x00007ffe8a949000 	C:\Users\david.oberkalmsteine\.jdks\corretto-11.0.8\bin\net.dll
0x00007ffeb9b20000 - 0x00007ffeb9c1c000 	C:\Windows\SYSTEM32\WINHTTP.dll
0x00007ffe8a910000 - 0x00007ffe8a922000 	C:\Users\david.oberkalmsteine\.jdks\corretto-11.0.8\bin\nio.dll
0x00007ffe82b00000 - 0x00007ffe82b27000 	C:\Users\david.oberkalmsteine\.gradle\native\c976cfcca226fdd4bee4412e95191dd41148b7504f9625baeda1d523bc39a967\windows-amd64\native-platform.dll
0x00007ffe8f610000 - 0x00007ffe8f619000 	C:\Users\david.oberkalmsteine\.jdks\corretto-11.0.8\bin\management.dll
0x00007ffe8ca60000 - 0x00007ffe8ca6b000 	C:\Users\david.oberkalmsteine\.jdks\corretto-11.0.8\bin\management_ext.dll
0x00007ffec1470000 - 0x00007ffec14a3000 	C:\Windows\system32\rsaenh.dll
0x00007ffec3530000 - 0x00007ffec3556000 	C:\Windows\System32\bcrypt.dll
0x00007ffec2240000 - 0x00007ffec2269000 	C:\Windows\SYSTEM32\USERENV.dll
0x00007ffec1d70000 - 0x00007ffec1d7c000 	C:\Windows\SYSTEM32\CRYPTBASE.dll
0x00007ffec1860000 - 0x00007ffec189d000 	C:\Windows\SYSTEM32\IPHLPAPI.DLL
0x00007ffec5520000 - 0x00007ffec5528000 	C:\Windows\System32\NSI.dll
0x00007ffeb8e50000 - 0x00007ffeb8e66000 	C:\Windows\SYSTEM32\dhcpcsvc6.DLL
0x00007ffeb9590000 - 0x00007ffeb95ac000 	C:\Windows\SYSTEM32\dhcpcsvc.DLL
0x00007ffec18a0000 - 0x00007ffec1966000 	C:\Windows\SYSTEM32\DNSAPI.dll

dbghelp: loaded successfully - version: 4.0.5 - missing functions: none
symbol engine: initialized successfully - sym options: 0x614 - pdb path: .;C:\Users\david.oberkalmsteine\.jdks\corretto-11.0.8\bin;C:\Windows\SYSTEM32;C:\Windows\WinSxS\amd64_microsoft.windows.common-controls_6595b64144ccf1df_6.0.17763.1817_none_de6e422c534e0cb9;C:\Program Files\McAfee\Endpoint Security\Threat Prevention\Ips;C:\Users\david.oberkalmsteine\.jdks\corretto-11.0.8\bin\server;C:\Users\david.oberkalmsteine\.gradle\native\c976cfcca226fdd4bee4412e95191dd41148b7504f9625baeda1d523bc39a967\windows-amd64

VM Arguments:
jvm_args: -XX:MaxMetaspaceSize=256m -XX:+HeapDumpOnOutOfMemoryError -agentlib:jdwp=transport=dt_socket,server=n,suspend=y,address=127.0.0.1:51621 --add-opens=java.base/java.util=ALL-UNNAMED --add-opens=java.base/java.lang=ALL-UNNAMED --add-opens=java.base/java.lang.invoke=ALL-UNNAMED --add-opens=java.prefs/java.util.prefs=ALL-UNNAMED -Xms256m -Xmx512m -Dfile.encoding=windows-1252 -Duser.country=US -Duser.language=en -Duser.variant 
java_command: org.gradle.launcher.daemon.bootstrap.GradleDaemon 6.3
java_class_path (initial): C:\Users\david.oberkalmsteine\.gradle\wrapper\dists\gradle-6.3-bin\8tpu6egwsccjzp10c1jckl0rx\gradle-6.3\lib\gradle-launcher-6.3.jar
Launcher Type: SUN_STANDARD

[Global flags]
     intx CICompilerCount                          = 4                                         {product} {ergonomic}
   size_t CompressedClassSpaceSize                 = 260046848                                 {product} {ergonomic}
     uint ConcGCThreads                            = 2                                         {product} {ergonomic}
     uint G1ConcRefinementThreads                  = 8                                         {product} {ergonomic}
   size_t G1HeapRegionSize                         = 1048576                                   {product} {ergonomic}
    uintx GCDrainStackTargetSize                   = 64                                        {product} {ergonomic}
     bool HeapDumpOnOutOfMemoryError               = true                                   {manageable} {command line}
   size_t InitialHeapSize                          = 268435456                                 {product} {command line}
   size_t MarkStackSize                            = 4194304                                   {product} {ergonomic}
   size_t MaxHeapSize                              = 536870912                                 {product} {command line}
   size_t MaxMetaspaceSize                         = 268435456                                 {product} {command line}
   size_t MaxNewSize                               = 321912832                                 {product} {ergonomic}
   size_t MinHeapDeltaBytes                        = 1048576                                   {product} {ergonomic}
    uintx NonNMethodCodeHeapSize                   = 5836300                                {pd product} {ergonomic}
    uintx NonProfiledCodeHeapSize                  = 122910970                              {pd product} {ergonomic}
    uintx ProfiledCodeHeapSize                     = 122910970                              {pd product} {ergonomic}
    uintx ReservedCodeCacheSize                    = 251658240                              {pd product} {ergonomic}
     bool SegmentedCodeCache                       = true                                      {product} {ergonomic}
     bool UseCompressedClassPointers               = true                                 {lp64_product} {ergonomic}
     bool UseCompressedOops                        = true                                 {lp64_product} {ergonomic}
     bool UseG1GC                                  = true                                      {product} {ergonomic}
     bool UseLargePagesIndividualAllocation        = false                                  {pd product} {ergonomic}

Logging:
Log output configuration:
 #0: stdout all=warning uptime,level,tags
 #1: stderr all=off uptime,level,tags

Environment Variables:
JAVA_HOME=C:\Program Files\Android\Jdk\microsoft_dist_openjdk_1.8.0.25
PATH=C:\Program Files\Python39\Scripts\;C:\Program Files\Python39\;C:\Program Files (x86)\Common Files\Oracle\Java\javapath;C:\Windows\system32;C:\Windows;C:\Windows\System32\Wbem;C:\Windows\System32\WindowsPowerShell\v1.0\;C:\Windows\System32\OpenSSH\;C:\Program Files\dotnet\;C:\Program Files\Microsoft SQL Server\130\Tools\Binn\;C:\Program Files (x86)\Sennheiser\SoftphoneSDK\;C:\Program Files\TortoiseGit\bin;C:\Users\davidadmin\AppData\Local\Microsoft\WindowsApps;C:\adb;C:\Android;C:\Program Files\Git\cmd;C:\Program Files\nodejs\;C:\Program Files (x86)\NuGet\CommandLine\;C:\Program Files\Seq\;C:\Program Files\Seq\Client\;C:\Program Files\Microsoft SQL Server\Client SDK\ODBC\170\Tools\Binn\;C:\Program Files\Microsoft SQL Server\Client SDK\ODBC\130\Tools\Binn\;C:\Program Files (x86)\Microsoft SQL Server\140\Tools\Binn\;C:\Program Files\Microsoft SQL Server\140\Tools\Binn\;C:\Program Files\Microsoft SQL Server\140\DTS\Binn\;C:\Program Files (x86)\Microsoft SQL Server\150\DTS\Binn\;C:\Program Files\Azure Data Studio\bin;C:\Program Files (x86)\Intel\Intel(R) Management Engine Components\DAL;C:\Program Files\Intel\Intel(R) Management Engine Components\DAL;;C:\Program Files\Microsoft VS Code\bin;C:\ProgramData\chocolatey\bin;C:\Users\david.oberkalmsteine\AppData\Local\Microsoft\WindowsApps;C:\Users\david.oberkalmsteine\AppData\Local\GitHubDesktop\bin;C:\Users\david.oberkalmsteine\AppData\Local\atom\bin;C:\Users\david.oberkalmsteine\AppData\Local\gitkraken\bin
USERNAME=david.oberkalmsteine
OS=Windows_NT
PROCESSOR_IDENTIFIER=Intel64 Family 6 Model 142 Stepping 10, GenuineIntel



---------------  S Y S T E M  ---------------

OS: Windows 10 , 64 bit Build 17763 (10.0.17763.475)
OS uptime: 0 days 7:59 hours

CPU:total 8 (initial active 8) (4 cores per cpu, 2 threads per core) family 6 model 142 stepping 10, cmov, cx8, fxsr, mmx, sse, sse2, sse3, ssse3, sse4.1, sse4.2, popcnt, avx, avx2, aes, clmul, erms, rtm, 3dnowpref, lzcnt, ht, tsc, tscinvbit, bmi1, bmi2, adx, fma

Memory: 4k page, system-wide physical 16262M (5328M free)
TotalPageFile size 20358M (AvailPageFile size 17M)
current process WorkingSet (physical memory assigned to process): 317M, peak: 335M
current process commit charge ("private bytes"): 499M, peak: 517M

vm_info: OpenJDK 64-Bit Server VM (11.0.8+10-LTS) for windows-amd64 JRE (11.0.8+10-LTS), built on Jul 13 2020 00:42:50 by "Administrator" with MS VC++ 15.9 (VS2017)

END.
